This file contains any messages produced by compilers while
running configure, to aid debugging if configure makes a mistake.

It was created by libressl configure 2.4.5, which was
generated by GNU Autoconf 2.69.  Invocation command line was

  $ ./configure --prefix=/home/hellomrscarface/http2-conext-push/software/h2o/libressl-build --libdir=/home/hellomrscarface/http2-conext-push/software/h2o/libressl-build/lib --disable-shared

## --------- ##
## Platform. ##
## --------- ##

hostname = project-534
uname -m = x86_64
uname -r = 4.19.0-12-cloud-amd64
uname -s = Linux
uname -v = #1 SMP Debian 4.19.152-1 (2020-10-18)

/usr/bin/uname -p = unknown
/bin/uname -X     = unknown

/bin/arch              = x86_64
/usr/bin/arch -k       = unknown
/usr/convex/getsysinfo = unknown
/usr/bin/hostinfo      = unknown
/bin/machine           = unknown
/usr/bin/oslevel       = unknown
/bin/universe          = unknown

PATH: /usr/local/bin
PATH: /usr/bin
PATH: /bin
PATH: /usr/local/games
PATH: /usr/games


## ----------- ##
## Core tests. ##
## ----------- ##

configure:2530: checking build system type
configure:2544: result: x86_64-pc-linux-gnu
configure:2564: checking host system type
configure:2577: result: x86_64-pc-linux-gnu
configure:2613: checking for a BSD-compatible install
configure:2681: result: /usr/bin/install -c
configure:2692: checking whether build environment is sane
configure:2747: result: yes
configure:2896: checking for a thread-safe mkdir -p
configure:2935: result: /usr/bin/mkdir -p
configure:2942: checking for gawk
configure:2972: result: no
configure:2942: checking for mawk
configure:2958: found /usr/bin/mawk
configure:2969: result: mawk
configure:2980: checking whether make sets $(MAKE)
configure:3002: result: yes
configure:3031: checking whether make supports nested variables
configure:3048: result: yes
configure:3187: checking whether make supports nested variables
configure:3204: result: yes
configure:3267: checking for gcc
configure:3283: found /usr/bin/gcc
configure:3294: result: gcc
configure:3523: checking for C compiler version
configure:3532: gcc --version >&5
gcc (Debian 8.3.0-6) 8.3.0
Copyright (C) 2018 Free Software Foundation, Inc.
This is free software; see the source for copying conditions.  There is NO
warranty; not even for MERCHANTABILITY or FITNESS FOR A PARTICULAR PURPOSE.

configure:3543: $? = 0
configure:3532: gcc -v >&5
Using built-in specs.
COLLECT_GCC=gcc
COLLECT_LTO_WRAPPER=/usr/lib/gcc/x86_64-linux-gnu/8/lto-wrapper
OFFLOAD_TARGET_NAMES=nvptx-none
OFFLOAD_TARGET_DEFAULT=1
Target: x86_64-linux-gnu
Configured with: ../src/configure -v --with-pkgversion='Debian 8.3.0-6' --with-bugurl=file:///usr/share/doc/gcc-8/README.Bugs --enable-languages=c,ada,c++,go,brig,d,fortran,objc,obj-c++ --prefix=/usr --with-gcc-major-version-only --program-suffix=-8 --program-prefix=x86_64-linux-gnu- --enable-shared --enable-linker-build-id --libexecdir=/usr/lib --without-included-gettext --enable-threads=posix --libdir=/usr/lib --enable-nls --enable-bootstrap --enable-clocale=gnu --enable-libstdcxx-debug --enable-libstdcxx-time=yes --with-default-libstdcxx-abi=new --enable-gnu-unique-object --disable-vtable-verify --enable-libmpx --enable-plugin --enable-default-pie --with-system-zlib --with-target-system-zlib --enable-objc-gc=auto --enable-multiarch --disable-werror --with-arch-32=i686 --with-abi=m64 --with-multilib-list=m32,m64,mx32 --enable-multilib --with-tune=generic --enable-offload-targets=nvptx-none --without-cuda-driver --enable-checking=release --build=x86_64-linux-gnu --host=x86_64-linux-gnu --target=x86_64-linux-gnu
Thread model: posix
gcc version 8.3.0 (Debian 8.3.0-6) 
configure:3543: $? = 0
configure:3532: gcc -V >&5
gcc: error: unrecognized command line option '-V'
gcc: fatal error: no input files
compilation terminated.
configure:3543: $? = 1
configure:3532: gcc -qversion >&5
gcc: error: unrecognized command line option '-qversion'; did you mean '--version'?
gcc: fatal error: no input files
compilation terminated.
configure:3543: $? = 1
configure:3563: checking whether the C compiler works
configure:3585: gcc    conftest.c  >&5
configure:3589: $? = 0
configure:3637: result: yes
configure:3640: checking for C compiler default output file name
configure:3642: result: a.out
configure:3648: checking for suffix of executables
configure:3655: gcc -o conftest    conftest.c  >&5
configure:3659: $? = 0
configure:3681: result: 
configure:3703: checking whether we are cross compiling
configure:3711: gcc -o conftest    conftest.c  >&5
configure:3715: $? = 0
configure:3722: ./conftest
configure:3726: $? = 0
configure:3714: result: no
configure:3719: checking for suffix of object files
configure:3741: gcc -c   conftest.c >&5
configure:3745: $? = 0
configure:3766: result: o
configure:3770: checking whether we are using the GNU C compiler
configure:3789: gcc -c   conftest.c >&5
configure:3789: $? = 0
configure:3798: result: yes
configure:3807: checking whether gcc accepts -g
configure:3827: gcc -c -g  conftest.c >&5
configure:3827: $? = 0
configure:3868: result: yes
configure:3885: checking for gcc option to accept ISO C89
configure:3948: gcc  -c -g -O2  conftest.c >&5
configure:3948: $? = 0
configure:3961: result: none needed
configure:3986: checking whether gcc understands -c and -o together
configure:4008: gcc -c conftest.c -o conftest2.o
configure:4011: $? = 0
configure:4008: gcc -c conftest.c -o conftest2.o
configure:4011: $? = 0
configure:4023: result: yes
configure:4051: checking for style of include used by make
configure:4079: result: GNU
configure:4105: checking dependency style of gcc
configure:4216: result: gcc3
configure:4235: checking for gcc option to accept ISO C99
configure:4384: gcc  -c -g -O2  conftest.c >&5
configure:4384: $? = 0
configure:4397: result: none needed
configure:4505: checking for gcc option to accept ISO Standard C
configure:4516: result: none needed
configure:4570: checking how to print strings
configure:4597: result: printf
configure:4618: checking for a sed that does not truncate output
configure:4682: result: /usr/bin/sed
configure:4700: checking for grep that handles long lines and -e
configure:4758: result: /usr/bin/grep
configure:4763: checking for egrep
configure:4825: result: /usr/bin/grep -E
configure:4830: checking for fgrep
configure:4892: result: /usr/bin/grep -F
configure:4927: checking for ld used by gcc
configure:4994: result: /usr/bin/ld
configure:5001: checking if the linker (/usr/bin/ld) is GNU ld
configure:5016: result: yes
configure:5028: checking for BSD- or MS-compatible name lister (nm)
configure:5077: result: /usr/bin/nm -B
configure:5207: checking the name lister (/usr/bin/nm -B) interface
configure:5214: gcc -c -g -O2  conftest.c >&5
configure:5217: /usr/bin/nm -B "conftest.o"
configure:5220: output
0000000000000000 B some_variable
configure:5221: result: BSD nm
configure:5224: checking whether ln -s works
configure:5228: result: yes
configure:5236: checking the maximum length of command line arguments
configure:5366: result: 1572864
configure:5383: checking whether the shell understands some XSI constructs
configure:5392: result: yes
configure:5396: checking whether the shell understands "+="
configure:5400: result: yes
configure:5435: checking how to convert x86_64-pc-linux-gnu file names to x86_64-pc-linux-gnu format
configure:5475: result: func_convert_file_noop
configure:5482: checking how to convert x86_64-pc-linux-gnu file names to toolchain format
configure:5502: result: func_convert_file_noop
configure:5509: checking for /usr/bin/ld option to reload object files
configure:5516: result: -r
configure:5590: checking for objdump
configure:5606: found /usr/bin/objdump
configure:5617: result: objdump
configure:5649: checking how to recognize dependent libraries
configure:5851: result: pass_all
configure:5936: checking for dlltool
configure:5966: result: no
configure:5996: checking how to associate runtime and link libraries
configure:6023: result: printf %s\n
configure:6084: checking for ar
configure:6100: found /usr/bin/ar
configure:6111: result: ar
configure:6148: checking for archiver @FILE support
configure:6165: gcc -c -g -O2  conftest.c >&5
configure:6165: $? = 0
configure:6168: ar cru libconftest.a @conftest.lst >&5
ar: `u' modifier ignored since `D' is the default (see `U')
configure:6171: $? = 0
configure:6176: ar cru libconftest.a @conftest.lst >&5
ar: `u' modifier ignored since `D' is the default (see `U')
ar: conftest.o: No such file or directory
configure:6179: $? = 1
configure:6178: result: @
configure:6236: checking for strip
configure:6252: found /usr/bin/strip
configure:6263: result: strip
configure:6335: checking for ranlib
configure:6351: found /usr/bin/ranlib
configure:6362: result: ranlib
configure:6464: checking command to parse /usr/bin/nm -B output from gcc object
configure:6584: gcc -c -g -O2  conftest.c >&5
configure:6587: $? = 0
configure:6591: /usr/bin/nm -B conftest.o \| sed -n -e 's/^.*[ ]\([ABCDGIRSTW][ABCDGIRSTW]*\)[ ][ ]*\([_A-Za-z][_A-Za-z0-9]*\)$/\1 \2 \2/p' | sed '/ __gnu_lto/d' \> conftest.nm
configure:6594: $? = 0
configure:6660: gcc -o conftest -g -O2   conftest.c conftstm.o >&5
configure:6663: $? = 0
configure:6701: result: ok
configure:6738: checking for sysroot
configure:6768: result: no
configure:6845: gcc -c -g -O2  conftest.c >&5
configure:6848: $? = 0
configure:7024: checking for mt
configure:7040: found /usr/bin/mt
configure:7051: result: mt
configure:7074: checking if mt is a manifest tool
configure:7080: mt '-?'
configure:7088: result: no
configure:7730: checking how to run the C preprocessor
configure:7761: gcc -E  conftest.c
configure:7761: $? = 0
configure:7775: gcc -E  conftest.c
conftest.c:11:10: fatal error: ac_nonexistent.h: No such file or directory
 #include <ac_nonexistent.h>
          ^~~~~~~~~~~~~~~~~~
compilation terminated.
configure:7775: $? = 1
configure: failed program was:
| /* confdefs.h */
| #define PACKAGE_NAME "libressl"
| #define PACKAGE_TARNAME "libressl"
| #define PACKAGE_VERSION "2.4.5"
| #define PACKAGE_STRING "libressl 2.4.5"
| #define PACKAGE_BUGREPORT ""
| #define PACKAGE_URL ""
| #define PACKAGE "libressl"
| #define VERSION "2.4.5"
| /* end confdefs.h.  */
| #include <ac_nonexistent.h>
configure:7800: result: gcc -E
configure:7820: gcc -E  conftest.c
configure:7820: $? = 0
configure:7834: gcc -E  conftest.c
conftest.c:11:10: fatal error: ac_nonexistent.h: No such file or directory
 #include <ac_nonexistent.h>
          ^~~~~~~~~~~~~~~~~~
compilation terminated.
configure:7834: $? = 1
configure: failed program was:
| /* confdefs.h */
| #define PACKAGE_NAME "libressl"
| #define PACKAGE_TARNAME "libressl"
| #define PACKAGE_VERSION "2.4.5"
| #define PACKAGE_STRING "libressl 2.4.5"
| #define PACKAGE_BUGREPORT ""
| #define PACKAGE_URL ""
| #define PACKAGE "libressl"
| #define VERSION "2.4.5"
| /* end confdefs.h.  */
| #include <ac_nonexistent.h>
configure:7863: checking for ANSI C header files
configure:7883: gcc -c -g -O2  conftest.c >&5
configure:7883: $? = 0
configure:7956: gcc -o conftest -g -O2   conftest.c  >&5
configure:7956: $? = 0
configure:7956: ./conftest
configure:7956: $? = 0
configure:7967: result: yes
configure:7980: checking for sys/types.h
configure:7980: gcc -c -g -O2  conftest.c >&5
configure:7980: $? = 0
configure:7980: result: yes
configure:7980: checking for sys/stat.h
configure:7980: gcc -c -g -O2  conftest.c >&5
configure:7980: $? = 0
configure:7980: result: yes
configure:7980: checking for stdlib.h
configure:7980: gcc -c -g -O2  conftest.c >&5
configure:7980: $? = 0
configure:7980: result: yes
configure:7980: checking for string.h
configure:7980: gcc -c -g -O2  conftest.c >&5
configure:7980: $? = 0
configure:7980: result: yes
configure:7980: checking for memory.h
configure:7980: gcc -c -g -O2  conftest.c >&5
configure:7980: $? = 0
configure:7980: result: yes
configure:7980: checking for strings.h
configure:7980: gcc -c -g -O2  conftest.c >&5
configure:7980: $? = 0
configure:7980: result: yes
configure:7980: checking for inttypes.h
configure:7980: gcc -c -g -O2  conftest.c >&5
configure:7980: $? = 0
configure:7980: result: yes
configure:7980: checking for stdint.h
configure:7980: gcc -c -g -O2  conftest.c >&5
configure:7980: $? = 0
configure:7980: result: yes
configure:7980: checking for unistd.h
configure:7980: gcc -c -g -O2  conftest.c >&5
configure:7980: $? = 0
configure:7980: result: yes
configure:7994: checking for dlfcn.h
configure:7994: gcc -c -g -O2  conftest.c >&5
configure:7994: $? = 0
configure:7994: result: yes
configure:8200: checking for objdir
configure:8215: result: .libs
configure:8486: checking if gcc supports -fno-rtti -fno-exceptions
configure:8504: gcc -c -g -O2  -fno-rtti -fno-exceptions conftest.c >&5
cc1: warning: command line option '-fno-rtti' is valid for C++/ObjC++ but not for C
configure:8508: $? = 0
configure:8521: result: no
configure:8848: checking for gcc option to produce PIC
configure:8855: result: -fPIC -DPIC
configure:8863: checking if gcc PIC flag -fPIC -DPIC works
configure:8881: gcc -c -g -O2  -fPIC -DPIC -DPIC conftest.c >&5
configure:8885: $? = 0
configure:8898: result: yes
configure:8927: checking if gcc static flag -static works
configure:8955: result: yes
configure:8970: checking if gcc supports -c -o file.o
configure:8991: gcc -c -g -O2  -o out/conftest2.o conftest.c >&5
configure:8995: $? = 0
configure:9017: result: yes
configure:9025: checking if gcc supports -c -o file.o
configure:9072: result: yes
configure:9105: checking whether the gcc linker (/usr/bin/ld -m elf_x86_64) supports shared libraries
configure:10258: result: yes
configure:10498: checking dynamic linker characteristics
configure:11009: gcc -o conftest -g -O2   -Wl,-rpath -Wl,/foo conftest.c  >&5
configure:11009: $? = 0
configure:11231: result: GNU/Linux ld.so
configure:11338: checking how to hardcode library paths into programs
configure:11363: result: immediate
configure:11903: checking whether stripping libraries is possible
configure:11908: result: yes
configure:11943: checking if libtool supports shared libraries
configure:11945: result: yes
configure:11948: checking whether to build shared libraries
configure:11969: result: no
configure:11972: checking whether to build static libraries
configure:11976: result: yes
configure:9324: checking if gcc supports "-fno-strict-overflow"
configure:9341: ./scripts/wrap-compiler-for-flag-check gcc -o conftest -fno-strict-overflow -Wall -Werror  -D_DEFAULT_SOURCE -D_BSD_SOURCE -D_POSIX_SOURCE -D_GNU_SOURCE  conftest.c  >&5

configure:9341: $? = 0
configure:9342: result: yes
configure:9359: checking if gcc supports "-D_FORTIFY_SOURCE=2"
configure:9376: ./scripts/wrap-compiler-for-flag-check gcc -o conftest -D_FORTIFY_SOURCE=2 -Wall -Werror  -D_DEFAULT_SOURCE -D_BSD_SOURCE -D_POSIX_SOURCE -D_GNU_SOURCE  conftest.c  >&5

configure:9376: $? = 0
configure:9377: result: yes
configure:9394: checking if /usr/bin/ld -m elf_x86_64 supports "-Wl,-z,relro"
configure:9411: ./scripts/wrap-compiler-for-flag-check gcc -o conftest -g -O2 -Wall -std=gnu99 -fno-strict-aliasing  -D_DEFAULT_SOURCE -D_BSD_SOURCE -D_POSIX_SOURCE -D_GNU_SOURCE -Wl,-z,relro -Wall -Werror conftest.c  >&5

configure:9411: $? = 0
configure:9412: result: yes
configure:9427: checking if /usr/bin/ld -m elf_x86_64 supports "-Wl,-z,now"
configure:9444: ./scripts/wrap-compiler-for-flag-check gcc -o conftest -g -O2 -Wall -std=gnu99 -fno-strict-aliasing  -D_DEFAULT_SOURCE -D_BSD_SOURCE -D_POSIX_SOURCE -D_GNU_SOURCE -Wl,-z,now -Wall -Werror conftest.c  >&5

configure:9444: $? = 0
configure:9445: result: yes
configure:9570: checking if gcc supports "-fstack-protector-strong"
configure:9587: ./scripts/wrap-compiler-for-flag-check gcc -o conftest -fstack-protector-strong -Wall -Werror  -D_DEFAULT_SOURCE -D_BSD_SOURCE -D_POSIX_SOURCE -D_GNU_SOURCE  conftest.c  >&5

configure:9587: $? = 0
configure:9588: result: yes
configure:9712: checking whether AS supports .note.GNU-stack
configure:9726: gcc -c   -D_DEFAULT_SOURCE -D_BSD_SOURCE -D_POSIX_SOURCE -D_GNU_SOURCE conftest.c >&5
configure:9726: $? = 0
configure:9727: result: yes
configure:9747: checking dependency style of gcc
configure:9856: result: gcc3
configure:9875: checking if compiling with clang
configure:9892: gcc -c -g -O2 -Wall -std=gnu99 -fno-strict-aliasing  -fno-strict-overflow -D_FORTIFY_SOURCE=2 -fstack-protector-strong -DHAVE_GNU_STACK  -D_DEFAULT_SOURCE -D_BSD_SOURCE -D_POSIX_SOURCE -D_GNU_SOURCE conftest.c >&5
conftest.c: In function 'main':
conftest.c:29:2: error: unknown type name 'not'
  not clang
  ^~~
conftest.c:29:6: warning: unused variable 'clang' [-Wunused-variable]
  not clang
      ^~~~~
configure:9892: $? = 1
configure: failed program was:
| /* confdefs.h */
| #define PACKAGE_NAME "libressl"
| #define PACKAGE_TARNAME "libressl"
| #define PACKAGE_VERSION "2.4.5"
| #define PACKAGE_STRING "libressl 2.4.5"
| #define PACKAGE_BUGREPORT ""
| #define PACKAGE_URL ""
| #define PACKAGE "libressl"
| #define VERSION "2.4.5"
| #define STDC_HEADERS 1
| #define HAVE_SYS_TYPES_H 1
| #define HAVE_SYS_STAT_H 1
| #define HAVE_STDLIB_H 1
| #define HAVE_STRING_H 1
| #define HAVE_MEMORY_H 1
| #define HAVE_STRINGS_H 1
| #define HAVE_INTTYPES_H 1
| #define HAVE_STDINT_H 1
| #define HAVE_UNISTD_H 1
| #define HAVE_DLFCN_H 1
| #define LT_OBJDIR ".libs/"
| /* end confdefs.h.  */
| 
| int
| main ()
| {
| 
| #ifndef __clang__
| 	not clang
| #endif
| 
|   ;
|   return 0;
| }
configure:9899: result: no
configure:9911: checking whether CC supports -Wno-pointer-sign
configure:9924: gcc -c -Wno-pointer-sign  -D_DEFAULT_SOURCE -D_BSD_SOURCE -D_POSIX_SOURCE -D_GNU_SOURCE conftest.c >&5
configure:9924: $? = 0
configure:9925: result: yes
configure:9940: checking for symlink
configure:9940: gcc -o conftest -g -O2 -Wall -std=gnu99 -fno-strict-aliasing  -fno-strict-overflow -D_FORTIFY_SOURCE=2 -fstack-protector-strong -DHAVE_GNU_STACK  -Wno-pointer-sign  -D_DEFAULT_SOURCE -D_BSD_SOURCE -D_POSIX_SOURCE -D_GNU_SOURCE   -Wl,-z,relro -Wl,-z,now  conftest.c  >&5
configure:9940: $? = 0
configure:9940: result: yes
configure:9959: checking for funopen
configure:9959: gcc -o conftest -g -O2 -Wall -std=gnu99 -fno-strict-aliasing  -fno-strict-overflow -D_FORTIFY_SOURCE=2 -fstack-protector-strong -DHAVE_GNU_STACK  -Wno-pointer-sign  -D_DEFAULT_SOURCE -D_BSD_SOURCE -D_POSIX_SOURCE -D_GNU_SOURCE   -Wl,-z,relro -Wl,-z,now  conftest.c  >&5
/usr/bin/ld: /tmp/cc3CgkmA.o: in function `main':
/home/hellomrscarface/http2-conext-push/software/h2o/libressl-2.4.5/conftest.c:58: undefined reference to `funopen'
collect2: error: ld returned 1 exit status
configure:9959: $? = 1
configure: failed program was:
| /* confdefs.h */
| #define PACKAGE_NAME "libressl"
| #define PACKAGE_TARNAME "libressl"
| #define PACKAGE_VERSION "2.4.5"
| #define PACKAGE_STRING "libressl 2.4.5"
| #define PACKAGE_BUGREPORT ""
| #define PACKAGE_URL ""
| #define PACKAGE "libressl"
| #define VERSION "2.4.5"
| #define STDC_HEADERS 1
| #define HAVE_SYS_TYPES_H 1
| #define HAVE_SYS_STAT_H 1
| #define HAVE_STDLIB_H 1
| #define HAVE_STRING_H 1
| #define HAVE_MEMORY_H 1
| #define HAVE_STRINGS_H 1
| #define HAVE_INTTYPES_H 1
| #define HAVE_STDINT_H 1
| #define HAVE_UNISTD_H 1
| #define HAVE_DLFCN_H 1
| #define LT_OBJDIR ".libs/"
| #define HAVE_SYMLINK 1
| /* end confdefs.h.  */
| /* Define funopen to an innocuous variant, in case <limits.h> declares funopen.
|    For example, HP-UX 11i <limits.h> declares gettimeofday.  */
| #define funopen innocuous_funopen
| 
| /* System header to define __stub macros and hopefully few prototypes,
|     which can conflict with char funopen (); below.
|     Prefer <limits.h> to <assert.h> if __STDC__ is defined, since
|     <limits.h> exists even on freestanding compilers.  */
| 
| #ifdef __STDC__
| # include <limits.h>
| #else
| # include <assert.h>
| #endif
| 
| #undef funopen
| 
| /* Override any GCC internal prototype to avoid an error.
|    Use char because int might match the return type of a GCC
|    builtin and then its argument prototype would still apply.  */
| #ifdef __cplusplus
| extern "C"
| #endif
| char funopen ();
| /* The GNU C library defines this for functions which it implements
|     to always fail with ENOSYS.  Some functions are actually named
|     something starting with __ and the normal name is an alias.  */
| #if defined __stub_funopen || defined __stub___funopen
| choke me
| #endif
| 
| int
| main ()
| {
| return funopen ();
|   ;
|   return 0;
| }
configure:9959: result: no
configure:9970: checking err.h usability
configure:9970: gcc -c -g -O2 -Wall -std=gnu99 -fno-strict-aliasing  -fno-strict-overflow -D_FORTIFY_SOURCE=2 -fstack-protector-strong -DHAVE_GNU_STACK  -Wno-pointer-sign  -D_DEFAULT_SOURCE -D_BSD_SOURCE -D_POSIX_SOURCE -D_GNU_SOURCE conftest.c >&5
configure:9970: $? = 0
configure:9970: result: yes
configure:9970: checking err.h presence
configure:9970: gcc -E  -D_DEFAULT_SOURCE -D_BSD_SOURCE -D_POSIX_SOURCE -D_GNU_SOURCE conftest.c
configure:9970: $? = 0
configure:9970: result: yes
configure:9970: checking for err.h
configure:9970: result: yes
configure:9970: checking readpassphrase.h usability
configure:9970: gcc -c -g -O2 -Wall -std=gnu99 -fno-strict-aliasing  -fno-strict-overflow -D_FORTIFY_SOURCE=2 -fstack-protector-strong -DHAVE_GNU_STACK  -Wno-pointer-sign  -D_DEFAULT_SOURCE -D_BSD_SOURCE -D_POSIX_SOURCE -D_GNU_SOURCE conftest.c >&5
conftest.c:58:10: fatal error: readpassphrase.h: No such file or directory
 #include <readpassphrase.h>
          ^~~~~~~~~~~~~~~~~~
compilation terminated.
configure:9970: $? = 1
configure: failed program was:
| /* confdefs.h */
| #define PACKAGE_NAME "libressl"
| #define PACKAGE_TARNAME "libressl"
| #define PACKAGE_VERSION "2.4.5"
| #define PACKAGE_STRING "libressl 2.4.5"
| #define PACKAGE_BUGREPORT ""
| #define PACKAGE_URL ""
| #define PACKAGE "libressl"
| #define VERSION "2.4.5"
| #define STDC_HEADERS 1
| #define HAVE_SYS_TYPES_H 1
| #define HAVE_SYS_STAT_H 1
| #define HAVE_STDLIB_H 1
| #define HAVE_STRING_H 1
| #define HAVE_MEMORY_H 1
| #define HAVE_STRINGS_H 1
| #define HAVE_INTTYPES_H 1
| #define HAVE_STDINT_H 1
| #define HAVE_UNISTD_H 1
| #define HAVE_DLFCN_H 1
| #define LT_OBJDIR ".libs/"
| #define HAVE_SYMLINK 1
| #define HAVE_ERR_H 1
| /* end confdefs.h.  */
| #include <stdio.h>
| #ifdef HAVE_SYS_TYPES_H
| # include <sys/types.h>
| #endif
| #ifdef HAVE_SYS_STAT_H
| # include <sys/stat.h>
| #endif
| #ifdef STDC_HEADERS
| # include <stdlib.h>
| # include <stddef.h>
| #else
| # ifdef HAVE_STDLIB_H
| #  include <stdlib.h>
| # endif
| #endif
| #ifdef HAVE_STRING_H
| # if !defined STDC_HEADERS && defined HAVE_MEMORY_H
| #  include <memory.h>
| # endif
| # include <string.h>
| #endif
| #ifdef HAVE_STRINGS_H
| # include <strings.h>
| #endif
| #ifdef HAVE_INTTYPES_H
| # include <inttypes.h>
| #endif
| #ifdef HAVE_STDINT_H
| # include <stdint.h>
| #endif
| #ifdef HAVE_UNISTD_H
| # include <unistd.h>
| #endif
| #include <readpassphrase.h>
configure:9970: result: no
configure:9970: checking readpassphrase.h presence
configure:9970: gcc -E  -D_DEFAULT_SOURCE -D_BSD_SOURCE -D_POSIX_SOURCE -D_GNU_SOURCE conftest.c
conftest.c:25:10: fatal error: readpassphrase.h: No such file or directory
 #include <readpassphrase.h>
          ^~~~~~~~~~~~~~~~~~
compilation terminated.
configure:9970: $? = 1
configure: failed program was:
| /* confdefs.h */
| #define PACKAGE_NAME "libressl"
| #define PACKAGE_TARNAME "libressl"
| #define PACKAGE_VERSION "2.4.5"
| #define PACKAGE_STRING "libressl 2.4.5"
| #define PACKAGE_BUGREPORT ""
| #define PACKAGE_URL ""
| #define PACKAGE "libressl"
| #define VERSION "2.4.5"
| #define STDC_HEADERS 1
| #define HAVE_SYS_TYPES_H 1
| #define HAVE_SYS_STAT_H 1
| #define HAVE_STDLIB_H 1
| #define HAVE_STRING_H 1
| #define HAVE_MEMORY_H 1
| #define HAVE_STRINGS_H 1
| #define HAVE_INTTYPES_H 1
| #define HAVE_STDINT_H 1
| #define HAVE_UNISTD_H 1
| #define HAVE_DLFCN_H 1
| #define LT_OBJDIR ".libs/"
| #define HAVE_SYMLINK 1
| #define HAVE_ERR_H 1
| /* end confdefs.h.  */
| #include <readpassphrase.h>
configure:9970: result: no
configure:9970: checking for readpassphrase.h
configure:9970: result: no
configure:9984: checking for asprintf
configure:9984: gcc -o conftest -g -O2 -Wall -std=gnu99 -fno-strict-aliasing  -fno-strict-overflow -D_FORTIFY_SOURCE=2 -fstack-protector-strong -DHAVE_GNU_STACK  -Wno-pointer-sign  -D_DEFAULT_SOURCE -D_BSD_SOURCE -D_POSIX_SOURCE -D_GNU_SOURCE   -Wl,-z,relro -Wl,-z,now  conftest.c  >&5
configure:9984: $? = 0
configure:9984: result: yes
configure:9984: checking for inet_pton
configure:9984: gcc -o conftest -g -O2 -Wall -std=gnu99 -fno-strict-aliasing  -fno-strict-overflow -D_FORTIFY_SOURCE=2 -fstack-protector-strong -DHAVE_GNU_STACK  -Wno-pointer-sign  -D_DEFAULT_SOURCE -D_BSD_SOURCE -D_POSIX_SOURCE -D_GNU_SOURCE   -Wl,-z,relro -Wl,-z,now  conftest.c  >&5
configure:9984: $? = 0
configure:9984: result: yes
configure:9984: checking for memmem
configure:9984: gcc -o conftest -g -O2 -Wall -std=gnu99 -fno-strict-aliasing  -fno-strict-overflow -D_FORTIFY_SOURCE=2 -fstack-protector-strong -DHAVE_GNU_STACK  -Wno-pointer-sign  -D_DEFAULT_SOURCE -D_BSD_SOURCE -D_POSIX_SOURCE -D_GNU_SOURCE   -Wl,-z,relro -Wl,-z,now  conftest.c  >&5
configure:9984: $? = 0
configure:9984: result: yes
configure:9984: checking for readpassphrase
configure:9984: gcc -o conftest -g -O2 -Wall -std=gnu99 -fno-strict-aliasing  -fno-strict-overflow -D_FORTIFY_SOURCE=2 -fstack-protector-strong -DHAVE_GNU_STACK  -Wno-pointer-sign  -D_DEFAULT_SOURCE -D_BSD_SOURCE -D_POSIX_SOURCE -D_GNU_SOURCE   -Wl,-z,relro -Wl,-z,now  conftest.c  >&5
/usr/bin/ld: /tmp/ccarv5l2.o: in function `main':
/home/hellomrscarface/http2-conext-push/software/h2o/libressl-2.4.5/conftest.c:62: undefined reference to `readpassphrase'
collect2: error: ld returned 1 exit status
configure:9984: $? = 1
configure: failed program was:
| /* confdefs.h */
| #define PACKAGE_NAME "libressl"
| #define PACKAGE_TARNAME "libressl"
| #define PACKAGE_VERSION "2.4.5"
| #define PACKAGE_STRING "libressl 2.4.5"
| #define PACKAGE_BUGREPORT ""
| #define PACKAGE_URL ""
| #define PACKAGE "libressl"
| #define VERSION "2.4.5"
| #define STDC_HEADERS 1
| #define HAVE_SYS_TYPES_H 1
| #define HAVE_SYS_STAT_H 1
| #define HAVE_STDLIB_H 1
| #define HAVE_STRING_H 1
| #define HAVE_MEMORY_H 1
| #define HAVE_STRINGS_H 1
| #define HAVE_INTTYPES_H 1
| #define HAVE_STDINT_H 1
| #define HAVE_UNISTD_H 1
| #define HAVE_DLFCN_H 1
| #define LT_OBJDIR ".libs/"
| #define HAVE_SYMLINK 1
| #define HAVE_ERR_H 1
| #define HAVE_ASPRINTF 1
| #define HAVE_INET_PTON 1
| #define HAVE_MEMMEM 1
| /* end confdefs.h.  */
| /* Define readpassphrase to an innocuous variant, in case <limits.h> declares readpassphrase.
|    For example, HP-UX 11i <limits.h> declares gettimeofday.  */
| #define readpassphrase innocuous_readpassphrase
| 
| /* System header to define __stub macros and hopefully few prototypes,
|     which can conflict with char readpassphrase (); below.
|     Prefer <limits.h> to <assert.h> if __STDC__ is defined, since
|     <limits.h> exists even on freestanding compilers.  */
| 
| #ifdef __STDC__
| # include <limits.h>
| #else
| # include <assert.h>
| #endif
| 
| #undef readpassphrase
| 
| /* Override any GCC internal prototype to avoid an error.
|    Use char because int might match the return type of a GCC
|    builtin and then its argument prototype would still apply.  */
| #ifdef __cplusplus
| extern "C"
| #endif
| char readpassphrase ();
| /* The GNU C library defines this for functions which it implements
|     to always fail with ENOSYS.  Some functions are actually named
|     something starting with __ and the normal name is an alias.  */
| #if defined __stub_readpassphrase || defined __stub___readpassphrase
| choke me
| #endif
| 
| int
| main ()
| {
| return readpassphrase ();
|   ;
|   return 0;
| }
configure:9984: result: no
configure:9984: checking for reallocarray
configure:9984: gcc -o conftest -g -O2 -Wall -std=gnu99 -fno-strict-aliasing  -fno-strict-overflow -D_FORTIFY_SOURCE=2 -fstack-protector-strong -DHAVE_GNU_STACK  -Wno-pointer-sign  -D_DEFAULT_SOURCE -D_BSD_SOURCE -D_POSIX_SOURCE -D_GNU_SOURCE   -Wl,-z,relro -Wl,-z,now  conftest.c  >&5
configure:9984: $? = 0
configure:9984: result: yes
configure:9996: checking for strlcat
configure:9996: gcc -o conftest -g -O2 -Wall -std=gnu99 -fno-strict-aliasing  -fno-strict-overflow -D_FORTIFY_SOURCE=2 -fstack-protector-strong -DHAVE_GNU_STACK  -Wno-pointer-sign  -D_DEFAULT_SOURCE -D_BSD_SOURCE -D_POSIX_SOURCE -D_GNU_SOURCE   -Wl,-z,relro -Wl,-z,now  conftest.c  >&5
/usr/bin/ld: /tmp/ccqOEMva.o: in function `main':
/home/hellomrscarface/http2-conext-push/software/h2o/libressl-2.4.5/conftest.c:63: undefined reference to `strlcat'
collect2: error: ld returned 1 exit status
configure:9996: $? = 1
configure: failed program was:
| /* confdefs.h */
| #define PACKAGE_NAME "libressl"
| #define PACKAGE_TARNAME "libressl"
| #define PACKAGE_VERSION "2.4.5"
| #define PACKAGE_STRING "libressl 2.4.5"
| #define PACKAGE_BUGREPORT ""
| #define PACKAGE_URL ""
| #define PACKAGE "libressl"
| #define VERSION "2.4.5"
| #define STDC_HEADERS 1
| #define HAVE_SYS_TYPES_H 1
| #define HAVE_SYS_STAT_H 1
| #define HAVE_STDLIB_H 1
| #define HAVE_STRING_H 1
| #define HAVE_MEMORY_H 1
| #define HAVE_STRINGS_H 1
| #define HAVE_INTTYPES_H 1
| #define HAVE_STDINT_H 1
| #define HAVE_UNISTD_H 1
| #define HAVE_DLFCN_H 1
| #define LT_OBJDIR ".libs/"
| #define HAVE_SYMLINK 1
| #define HAVE_ERR_H 1
| #define HAVE_ASPRINTF 1
| #define HAVE_INET_PTON 1
| #define HAVE_MEMMEM 1
| #define HAVE_REALLOCARRAY 1
| /* end confdefs.h.  */
| /* Define strlcat to an innocuous variant, in case <limits.h> declares strlcat.
|    For example, HP-UX 11i <limits.h> declares gettimeofday.  */
| #define strlcat innocuous_strlcat
| 
| /* System header to define __stub macros and hopefully few prototypes,
|     which can conflict with char strlcat (); below.
|     Prefer <limits.h> to <assert.h> if __STDC__ is defined, since
|     <limits.h> exists even on freestanding compilers.  */
| 
| #ifdef __STDC__
| # include <limits.h>
| #else
| # include <assert.h>
| #endif
| 
| #undef strlcat
| 
| /* Override any GCC internal prototype to avoid an error.
|    Use char because int might match the return type of a GCC
|    builtin and then its argument prototype would still apply.  */
| #ifdef __cplusplus
| extern "C"
| #endif
| char strlcat ();
| /* The GNU C library defines this for functions which it implements
|     to always fail with ENOSYS.  Some functions are actually named
|     something starting with __ and the normal name is an alias.  */
| #if defined __stub_strlcat || defined __stub___strlcat
| choke me
| #endif
| 
| int
| main ()
| {
| return strlcat ();
|   ;
|   return 0;
| }
configure:9996: result: no
configure:9996: checking for strlcpy
configure:9996: gcc -o conftest -g -O2 -Wall -std=gnu99 -fno-strict-aliasing  -fno-strict-overflow -D_FORTIFY_SOURCE=2 -fstack-protector-strong -DHAVE_GNU_STACK  -Wno-pointer-sign  -D_DEFAULT_SOURCE -D_BSD_SOURCE -D_POSIX_SOURCE -D_GNU_SOURCE   -Wl,-z,relro -Wl,-z,now  conftest.c  >&5
/usr/bin/ld: /tmp/ccP4ot9e.o: in function `main':
/home/hellomrscarface/http2-conext-push/software/h2o/libressl-2.4.5/conftest.c:63: undefined reference to `strlcpy'
collect2: error: ld returned 1 exit status
configure:9996: $? = 1
configure: failed program was:
| /* confdefs.h */
| #define PACKAGE_NAME "libressl"
| #define PACKAGE_TARNAME "libressl"
| #define PACKAGE_VERSION "2.4.5"
| #define PACKAGE_STRING "libressl 2.4.5"
| #define PACKAGE_BUGREPORT ""
| #define PACKAGE_URL ""
| #define PACKAGE "libressl"
| #define VERSION "2.4.5"
| #define STDC_HEADERS 1
| #define HAVE_SYS_TYPES_H 1
| #define HAVE_SYS_STAT_H 1
| #define HAVE_STDLIB_H 1
| #define HAVE_STRING_H 1
| #define HAVE_MEMORY_H 1
| #define HAVE_STRINGS_H 1
| #define HAVE_INTTYPES_H 1
| #define HAVE_STDINT_H 1
| #define HAVE_UNISTD_H 1
| #define HAVE_DLFCN_H 1
| #define LT_OBJDIR ".libs/"
| #define HAVE_SYMLINK 1
| #define HAVE_ERR_H 1
| #define HAVE_ASPRINTF 1
| #define HAVE_INET_PTON 1
| #define HAVE_MEMMEM 1
| #define HAVE_REALLOCARRAY 1
| /* end confdefs.h.  */
| /* Define strlcpy to an innocuous variant, in case <limits.h> declares strlcpy.
|    For example, HP-UX 11i <limits.h> declares gettimeofday.  */
| #define strlcpy innocuous_strlcpy
| 
| /* System header to define __stub macros and hopefully few prototypes,
|     which can conflict with char strlcpy (); below.
|     Prefer <limits.h> to <assert.h> if __STDC__ is defined, since
|     <limits.h> exists even on freestanding compilers.  */
| 
| #ifdef __STDC__
| # include <limits.h>
| #else
| # include <assert.h>
| #endif
| 
| #undef strlcpy
| 
| /* Override any GCC internal prototype to avoid an error.
|    Use char because int might match the return type of a GCC
|    builtin and then its argument prototype would still apply.  */
| #ifdef __cplusplus
| extern "C"
| #endif
| char strlcpy ();
| /* The GNU C library defines this for functions which it implements
|     to always fail with ENOSYS.  Some functions are actually named
|     something starting with __ and the normal name is an alias.  */
| #if defined __stub_strlcpy || defined __stub___strlcpy
| choke me
| #endif
| 
| int
| main ()
| {
| return strlcpy ();
|   ;
|   return 0;
| }
configure:9996: result: no
configure:9996: checking for strndup
configure:9996: gcc -o conftest -g -O2 -Wall -std=gnu99 -fno-strict-aliasing  -fno-strict-overflow -D_FORTIFY_SOURCE=2 -fstack-protector-strong -DHAVE_GNU_STACK  -Wno-pointer-sign  -D_DEFAULT_SOURCE -D_BSD_SOURCE -D_POSIX_SOURCE -D_GNU_SOURCE   -Wl,-z,relro -Wl,-z,now  conftest.c  >&5
conftest.c:52:6: warning: conflicting types for built-in function 'strndup' [-Wbuiltin-declaration-mismatch]
 char strndup ();
      ^~~~~~~
configure:9996: $? = 0
configure:9996: result: yes
configure:9996: checking for strnlen
configure:9996: gcc -o conftest -g -O2 -Wall -std=gnu99 -fno-strict-aliasing  -fno-strict-overflow -D_FORTIFY_SOURCE=2 -fstack-protector-strong -DHAVE_GNU_STACK  -Wno-pointer-sign  -D_DEFAULT_SOURCE -D_BSD_SOURCE -D_POSIX_SOURCE -D_GNU_SOURCE   -Wl,-z,relro -Wl,-z,now  conftest.c  >&5
configure:9996: $? = 0
configure:9996: result: yes
configure:9996: checking for strsep
configure:9996: gcc -o conftest -g -O2 -Wall -std=gnu99 -fno-strict-aliasing  -fno-strict-overflow -D_FORTIFY_SOURCE=2 -fstack-protector-strong -DHAVE_GNU_STACK  -Wno-pointer-sign  -D_DEFAULT_SOURCE -D_BSD_SOURCE -D_POSIX_SOURCE -D_GNU_SOURCE   -Wl,-z,relro -Wl,-z,now  conftest.c  >&5
configure:9996: $? = 0
configure:9996: result: yes
configure:9996: checking for strtonum
configure:9996: gcc -o conftest -g -O2 -Wall -std=gnu99 -fno-strict-aliasing  -fno-strict-overflow -D_FORTIFY_SOURCE=2 -fstack-protector-strong -DHAVE_GNU_STACK  -Wno-pointer-sign  -D_DEFAULT_SOURCE -D_BSD_SOURCE -D_POSIX_SOURCE -D_GNU_SOURCE   -Wl,-z,relro -Wl,-z,now  conftest.c  >&5
/usr/bin/ld: /tmp/ccjNiEvm.o: in function `main':
/home/hellomrscarface/http2-conext-push/software/h2o/libressl-2.4.5/conftest.c:66: undefined reference to `strtonum'
collect2: error: ld returned 1 exit status
configure:9996: $? = 1
configure: failed program was:
| /* confdefs.h */
| #define PACKAGE_NAME "libressl"
| #define PACKAGE_TARNAME "libressl"
| #define PACKAGE_VERSION "2.4.5"
| #define PACKAGE_STRING "libressl 2.4.5"
| #define PACKAGE_BUGREPORT ""
| #define PACKAGE_URL ""
| #define PACKAGE "libressl"
| #define VERSION "2.4.5"
| #define STDC_HEADERS 1
| #define HAVE_SYS_TYPES_H 1
| #define HAVE_SYS_STAT_H 1
| #define HAVE_STDLIB_H 1
| #define HAVE_STRING_H 1
| #define HAVE_MEMORY_H 1
| #define HAVE_STRINGS_H 1
| #define HAVE_INTTYPES_H 1
| #define HAVE_STDINT_H 1
| #define HAVE_UNISTD_H 1
| #define HAVE_DLFCN_H 1
| #define LT_OBJDIR ".libs/"
| #define HAVE_SYMLINK 1
| #define HAVE_ERR_H 1
| #define HAVE_ASPRINTF 1
| #define HAVE_INET_PTON 1
| #define HAVE_MEMMEM 1
| #define HAVE_REALLOCARRAY 1
| #define HAVE_STRNDUP 1
| #define HAVE_STRNLEN 1
| #define HAVE_STRSEP 1
| /* end confdefs.h.  */
| /* Define strtonum to an innocuous variant, in case <limits.h> declares strtonum.
|    For example, HP-UX 11i <limits.h> declares gettimeofday.  */
| #define strtonum innocuous_strtonum
| 
| /* System header to define __stub macros and hopefully few prototypes,
|     which can conflict with char strtonum (); below.
|     Prefer <limits.h> to <assert.h> if __STDC__ is defined, since
|     <limits.h> exists even on freestanding compilers.  */
| 
| #ifdef __STDC__
| # include <limits.h>
| #else
| # include <assert.h>
| #endif
| 
| #undef strtonum
| 
| /* Override any GCC internal prototype to avoid an error.
|    Use char because int might match the return type of a GCC
|    builtin and then its argument prototype would still apply.  */
| #ifdef __cplusplus
| extern "C"
| #endif
| char strtonum ();
| /* The GNU C library defines this for functions which it implements
|     to always fail with ENOSYS.  Some functions are actually named
|     something starting with __ and the normal name is an alias.  */
| #if defined __stub_strtonum || defined __stub___strtonum
| choke me
| #endif
| 
| int
| main ()
| {
| return strtonum ();
|   ;
|   return 0;
| }
configure:9996: result: no
configure:10008: checking for timegm
configure:10008: gcc -o conftest -g -O2 -Wall -std=gnu99 -fno-strict-aliasing  -fno-strict-overflow -D_FORTIFY_SOURCE=2 -fstack-protector-strong -DHAVE_GNU_STACK  -Wno-pointer-sign  -D_DEFAULT_SOURCE -D_BSD_SOURCE -D_POSIX_SOURCE -D_GNU_SOURCE   -Wl,-z,relro -Wl,-z,now  conftest.c  >&5
configure:10008: $? = 0
configure:10008: result: yes
configure:10008: checking for _mkgmtime
configure:10008: gcc -o conftest -g -O2 -Wall -std=gnu99 -fno-strict-aliasing  -fno-strict-overflow -D_FORTIFY_SOURCE=2 -fstack-protector-strong -DHAVE_GNU_STACK  -Wno-pointer-sign  -D_DEFAULT_SOURCE -D_BSD_SOURCE -D_POSIX_SOURCE -D_GNU_SOURCE   -Wl,-z,relro -Wl,-z,now  conftest.c  >&5
/usr/bin/ld: /tmp/ccWFiict.o: in function `main':
/home/hellomrscarface/http2-conext-push/software/h2o/libressl-2.4.5/conftest.c:67: undefined reference to `_mkgmtime'
collect2: error: ld returned 1 exit status
configure:10008: $? = 1
configure: failed program was:
| /* confdefs.h */
| #define PACKAGE_NAME "libressl"
| #define PACKAGE_TARNAME "libressl"
| #define PACKAGE_VERSION "2.4.5"
| #define PACKAGE_STRING "libressl 2.4.5"
| #define PACKAGE_BUGREPORT ""
| #define PACKAGE_URL ""
| #define PACKAGE "libressl"
| #define VERSION "2.4.5"
| #define STDC_HEADERS 1
| #define HAVE_SYS_TYPES_H 1
| #define HAVE_SYS_STAT_H 1
| #define HAVE_STDLIB_H 1
| #define HAVE_STRING_H 1
| #define HAVE_MEMORY_H 1
| #define HAVE_STRINGS_H 1
| #define HAVE_INTTYPES_H 1
| #define HAVE_STDINT_H 1
| #define HAVE_UNISTD_H 1
| #define HAVE_DLFCN_H 1
| #define LT_OBJDIR ".libs/"
| #define HAVE_SYMLINK 1
| #define HAVE_ERR_H 1
| #define HAVE_ASPRINTF 1
| #define HAVE_INET_PTON 1
| #define HAVE_MEMMEM 1
| #define HAVE_REALLOCARRAY 1
| #define HAVE_STRNDUP 1
| #define HAVE_STRNLEN 1
| #define HAVE_STRSEP 1
| #define HAVE_TIMEGM 1
| /* end confdefs.h.  */
| /* Define _mkgmtime to an innocuous variant, in case <limits.h> declares _mkgmtime.
|    For example, HP-UX 11i <limits.h> declares gettimeofday.  */
| #define _mkgmtime innocuous__mkgmtime
| 
| /* System header to define __stub macros and hopefully few prototypes,
|     which can conflict with char _mkgmtime (); below.
|     Prefer <limits.h> to <assert.h> if __STDC__ is defined, since
|     <limits.h> exists even on freestanding compilers.  */
| 
| #ifdef __STDC__
| # include <limits.h>
| #else
| # include <assert.h>
| #endif
| 
| #undef _mkgmtime
| 
| /* Override any GCC internal prototype to avoid an error.
|    Use char because int might match the return type of a GCC
|    builtin and then its argument prototype would still apply.  */
| #ifdef __cplusplus
| extern "C"
| #endif
| char _mkgmtime ();
| /* The GNU C library defines this for functions which it implements
|     to always fail with ENOSYS.  Some functions are actually named
|     something starting with __ and the normal name is an alias.  */
| #if defined __stub__mkgmtime || defined __stub____mkgmtime
| choke me
| #endif
| 
| int
| main ()
| {
| return _mkgmtime ();
|   ;
|   return 0;
| }
configure:10008: result: no
configure:10118: checking for accept4
configure:10118: gcc -o conftest -g -O2 -Wall -std=gnu99 -fno-strict-aliasing  -fno-strict-overflow -D_FORTIFY_SOURCE=2 -fstack-protector-strong -DHAVE_GNU_STACK  -Wno-pointer-sign  -D_DEFAULT_SOURCE -D_BSD_SOURCE -D_POSIX_SOURCE -D_GNU_SOURCE   -Wl,-z,relro -Wl,-z,now  conftest.c  >&5
configure:10118: $? = 0
configure:10118: result: yes
configure:10118: checking for pledge
configure:10118: gcc -o conftest -g -O2 -Wall -std=gnu99 -fno-strict-aliasing  -fno-strict-overflow -D_FORTIFY_SOURCE=2 -fstack-protector-strong -DHAVE_GNU_STACK  -Wno-pointer-sign  -D_DEFAULT_SOURCE -D_BSD_SOURCE -D_POSIX_SOURCE -D_GNU_SOURCE   -Wl,-z,relro -Wl,-z,now  conftest.c  >&5
/usr/bin/ld: /tmp/ccwTKepD.o: in function `main':
/home/hellomrscarface/http2-conext-push/software/h2o/libressl-2.4.5/conftest.c:68: undefined reference to `pledge'
collect2: error: ld returned 1 exit status
configure:10118: $? = 1
configure: failed program was:
| /* confdefs.h */
| #define PACKAGE_NAME "libressl"
| #define PACKAGE_TARNAME "libressl"
| #define PACKAGE_VERSION "2.4.5"
| #define PACKAGE_STRING "libressl 2.4.5"
| #define PACKAGE_BUGREPORT ""
| #define PACKAGE_URL ""
| #define PACKAGE "libressl"
| #define VERSION "2.4.5"
| #define STDC_HEADERS 1
| #define HAVE_SYS_TYPES_H 1
| #define HAVE_SYS_STAT_H 1
| #define HAVE_STDLIB_H 1
| #define HAVE_STRING_H 1
| #define HAVE_MEMORY_H 1
| #define HAVE_STRINGS_H 1
| #define HAVE_INTTYPES_H 1
| #define HAVE_STDINT_H 1
| #define HAVE_UNISTD_H 1
| #define HAVE_DLFCN_H 1
| #define LT_OBJDIR ".libs/"
| #define HAVE_SYMLINK 1
| #define HAVE_ERR_H 1
| #define HAVE_ASPRINTF 1
| #define HAVE_INET_PTON 1
| #define HAVE_MEMMEM 1
| #define HAVE_REALLOCARRAY 1
| #define HAVE_STRNDUP 1
| #define HAVE_STRNLEN 1
| #define HAVE_STRSEP 1
| #define HAVE_TIMEGM 1
| #define HAVE_ACCEPT4 1
| /* end confdefs.h.  */
| /* Define pledge to an innocuous variant, in case <limits.h> declares pledge.
|    For example, HP-UX 11i <limits.h> declares gettimeofday.  */
| #define pledge innocuous_pledge
| 
| /* System header to define __stub macros and hopefully few prototypes,
|     which can conflict with char pledge (); below.
|     Prefer <limits.h> to <assert.h> if __STDC__ is defined, since
|     <limits.h> exists even on freestanding compilers.  */
| 
| #ifdef __STDC__
| # include <limits.h>
| #else
| # include <assert.h>
| #endif
| 
| #undef pledge
| 
| /* Override any GCC internal prototype to avoid an error.
|    Use char because int might match the return type of a GCC
|    builtin and then its argument prototype would still apply.  */
| #ifdef __cplusplus
| extern "C"
| #endif
| char pledge ();
| /* The GNU C library defines this for functions which it implements
|     to always fail with ENOSYS.  Some functions are actually named
|     something starting with __ and the normal name is an alias.  */
| #if defined __stub_pledge || defined __stub___pledge
| choke me
| #endif
| 
| int
| main ()
| {
| return pledge ();
|   ;
|   return 0;
| }
configure:10118: result: no
configure:10118: checking for poll
configure:10118: gcc -o conftest -g -O2 -Wall -std=gnu99 -fno-strict-aliasing  -fno-strict-overflow -D_FORTIFY_SOURCE=2 -fstack-protector-strong -DHAVE_GNU_STACK  -Wno-pointer-sign  -D_DEFAULT_SOURCE -D_BSD_SOURCE -D_POSIX_SOURCE -D_GNU_SOURCE   -Wl,-z,relro -Wl,-z,now  conftest.c  >&5
configure:10118: $? = 0
configure:10118: result: yes
configure:10157: checking for arc4random
configure:10157: gcc -o conftest -g -O2 -Wall -std=gnu99 -fno-strict-aliasing  -fno-strict-overflow -D_FORTIFY_SOURCE=2 -fstack-protector-strong -DHAVE_GNU_STACK  -Wno-pointer-sign  -D_DEFAULT_SOURCE -D_BSD_SOURCE -D_POSIX_SOURCE -D_GNU_SOURCE   -Wl,-z,relro -Wl,-z,now  conftest.c  >&5
/usr/bin/ld: /tmp/ccjmn5oL.o: in function `main':
/home/hellomrscarface/http2-conext-push/software/h2o/libressl-2.4.5/conftest.c:69: undefined reference to `arc4random'
collect2: error: ld returned 1 exit status
configure:10157: $? = 1
configure: failed program was:
| /* confdefs.h */
| #define PACKAGE_NAME "libressl"
| #define PACKAGE_TARNAME "libressl"
| #define PACKAGE_VERSION "2.4.5"
| #define PACKAGE_STRING "libressl 2.4.5"
| #define PACKAGE_BUGREPORT ""
| #define PACKAGE_URL ""
| #define PACKAGE "libressl"
| #define VERSION "2.4.5"
| #define STDC_HEADERS 1
| #define HAVE_SYS_TYPES_H 1
| #define HAVE_SYS_STAT_H 1
| #define HAVE_STDLIB_H 1
| #define HAVE_STRING_H 1
| #define HAVE_MEMORY_H 1
| #define HAVE_STRINGS_H 1
| #define HAVE_INTTYPES_H 1
| #define HAVE_STDINT_H 1
| #define HAVE_UNISTD_H 1
| #define HAVE_DLFCN_H 1
| #define LT_OBJDIR ".libs/"
| #define HAVE_SYMLINK 1
| #define HAVE_ERR_H 1
| #define HAVE_ASPRINTF 1
| #define HAVE_INET_PTON 1
| #define HAVE_MEMMEM 1
| #define HAVE_REALLOCARRAY 1
| #define HAVE_STRNDUP 1
| #define HAVE_STRNLEN 1
| #define HAVE_STRSEP 1
| #define HAVE_TIMEGM 1
| #define HAVE_ACCEPT4 1
| #define HAVE_POLL 1
| /* end confdefs.h.  */
| /* Define arc4random to an innocuous variant, in case <limits.h> declares arc4random.
|    For example, HP-UX 11i <limits.h> declares gettimeofday.  */
| #define arc4random innocuous_arc4random
| 
| /* System header to define __stub macros and hopefully few prototypes,
|     which can conflict with char arc4random (); below.
|     Prefer <limits.h> to <assert.h> if __STDC__ is defined, since
|     <limits.h> exists even on freestanding compilers.  */
| 
| #ifdef __STDC__
| # include <limits.h>
| #else
| # include <assert.h>
| #endif
| 
| #undef arc4random
| 
| /* Override any GCC internal prototype to avoid an error.
|    Use char because int might match the return type of a GCC
|    builtin and then its argument prototype would still apply.  */
| #ifdef __cplusplus
| extern "C"
| #endif
| char arc4random ();
| /* The GNU C library defines this for functions which it implements
|     to always fail with ENOSYS.  Some functions are actually named
|     something starting with __ and the normal name is an alias.  */
| #if defined __stub_arc4random || defined __stub___arc4random
| choke me
| #endif
| 
| int
| main ()
| {
| return arc4random ();
|   ;
|   return 0;
| }
configure:10157: result: no
configure:10157: checking for arc4random_buf
configure:10157: gcc -o conftest -g -O2 -Wall -std=gnu99 -fno-strict-aliasing  -fno-strict-overflow -D_FORTIFY_SOURCE=2 -fstack-protector-strong -DHAVE_GNU_STACK  -Wno-pointer-sign  -D_DEFAULT_SOURCE -D_BSD_SOURCE -D_POSIX_SOURCE -D_GNU_SOURCE   -Wl,-z,relro -Wl,-z,now  conftest.c  >&5
/usr/bin/ld: /tmp/cc3YbwZP.o: in function `main':
/home/hellomrscarface/http2-conext-push/software/h2o/libressl-2.4.5/conftest.c:69: undefined reference to `arc4random_buf'
collect2: error: ld returned 1 exit status
configure:10157: $? = 1
configure: failed program was:
| /* confdefs.h */
| #define PACKAGE_NAME "libressl"
| #define PACKAGE_TARNAME "libressl"
| #define PACKAGE_VERSION "2.4.5"
| #define PACKAGE_STRING "libressl 2.4.5"
| #define PACKAGE_BUGREPORT ""
| #define PACKAGE_URL ""
| #define PACKAGE "libressl"
| #define VERSION "2.4.5"
| #define STDC_HEADERS 1
| #define HAVE_SYS_TYPES_H 1
| #define HAVE_SYS_STAT_H 1
| #define HAVE_STDLIB_H 1
| #define HAVE_STRING_H 1
| #define HAVE_MEMORY_H 1
| #define HAVE_STRINGS_H 1
| #define HAVE_INTTYPES_H 1
| #define HAVE_STDINT_H 1
| #define HAVE_UNISTD_H 1
| #define HAVE_DLFCN_H 1
| #define LT_OBJDIR ".libs/"
| #define HAVE_SYMLINK 1
| #define HAVE_ERR_H 1
| #define HAVE_ASPRINTF 1
| #define HAVE_INET_PTON 1
| #define HAVE_MEMMEM 1
| #define HAVE_REALLOCARRAY 1
| #define HAVE_STRNDUP 1
| #define HAVE_STRNLEN 1
| #define HAVE_STRSEP 1
| #define HAVE_TIMEGM 1
| #define HAVE_ACCEPT4 1
| #define HAVE_POLL 1
| /* end confdefs.h.  */
| /* Define arc4random_buf to an innocuous variant, in case <limits.h> declares arc4random_buf.
|    For example, HP-UX 11i <limits.h> declares gettimeofday.  */
| #define arc4random_buf innocuous_arc4random_buf
| 
| /* System header to define __stub macros and hopefully few prototypes,
|     which can conflict with char arc4random_buf (); below.
|     Prefer <limits.h> to <assert.h> if __STDC__ is defined, since
|     <limits.h> exists even on freestanding compilers.  */
| 
| #ifdef __STDC__
| # include <limits.h>
| #else
| # include <assert.h>
| #endif
| 
| #undef arc4random_buf
| 
| /* Override any GCC internal prototype to avoid an error.
|    Use char because int might match the return type of a GCC
|    builtin and then its argument prototype would still apply.  */
| #ifdef __cplusplus
| extern "C"
| #endif
| char arc4random_buf ();
| /* The GNU C library defines this for functions which it implements
|     to always fail with ENOSYS.  Some functions are actually named
|     something starting with __ and the normal name is an alias.  */
| #if defined __stub_arc4random_buf || defined __stub___arc4random_buf
| choke me
| #endif
| 
| int
| main ()
| {
| return arc4random_buf ();
|   ;
|   return 0;
| }
configure:10157: result: no
configure:10157: checking for arc4random_uniform
configure:10157: gcc -o conftest -g -O2 -Wall -std=gnu99 -fno-strict-aliasing  -fno-strict-overflow -D_FORTIFY_SOURCE=2 -fstack-protector-strong -DHAVE_GNU_STACK  -Wno-pointer-sign  -D_DEFAULT_SOURCE -D_BSD_SOURCE -D_POSIX_SOURCE -D_GNU_SOURCE   -Wl,-z,relro -Wl,-z,now  conftest.c  >&5
/usr/bin/ld: /tmp/ccuPIKbS.o: in function `main':
/home/hellomrscarface/http2-conext-push/software/h2o/libressl-2.4.5/conftest.c:69: undefined reference to `arc4random_uniform'
collect2: error: ld returned 1 exit status
configure:10157: $? = 1
configure: failed program was:
| /* confdefs.h */
| #define PACKAGE_NAME "libressl"
| #define PACKAGE_TARNAME "libressl"
| #define PACKAGE_VERSION "2.4.5"
| #define PACKAGE_STRING "libressl 2.4.5"
| #define PACKAGE_BUGREPORT ""
| #define PACKAGE_URL ""
| #define PACKAGE "libressl"
| #define VERSION "2.4.5"
| #define STDC_HEADERS 1
| #define HAVE_SYS_TYPES_H 1
| #define HAVE_SYS_STAT_H 1
| #define HAVE_STDLIB_H 1
| #define HAVE_STRING_H 1
| #define HAVE_MEMORY_H 1
| #define HAVE_STRINGS_H 1
| #define HAVE_INTTYPES_H 1
| #define HAVE_STDINT_H 1
| #define HAVE_UNISTD_H 1
| #define HAVE_DLFCN_H 1
| #define LT_OBJDIR ".libs/"
| #define HAVE_SYMLINK 1
| #define HAVE_ERR_H 1
| #define HAVE_ASPRINTF 1
| #define HAVE_INET_PTON 1
| #define HAVE_MEMMEM 1
| #define HAVE_REALLOCARRAY 1
| #define HAVE_STRNDUP 1
| #define HAVE_STRNLEN 1
| #define HAVE_STRSEP 1
| #define HAVE_TIMEGM 1
| #define HAVE_ACCEPT4 1
| #define HAVE_POLL 1
| /* end confdefs.h.  */
| /* Define arc4random_uniform to an innocuous variant, in case <limits.h> declares arc4random_uniform.
|    For example, HP-UX 11i <limits.h> declares gettimeofday.  */
| #define arc4random_uniform innocuous_arc4random_uniform
| 
| /* System header to define __stub macros and hopefully few prototypes,
|     which can conflict with char arc4random_uniform (); below.
|     Prefer <limits.h> to <assert.h> if __STDC__ is defined, since
|     <limits.h> exists even on freestanding compilers.  */
| 
| #ifdef __STDC__
| # include <limits.h>
| #else
| # include <assert.h>
| #endif
| 
| #undef arc4random_uniform
| 
| /* Override any GCC internal prototype to avoid an error.
|    Use char because int might match the return type of a GCC
|    builtin and then its argument prototype would still apply.  */
| #ifdef __cplusplus
| extern "C"
| #endif
| char arc4random_uniform ();
| /* The GNU C library defines this for functions which it implements
|     to always fail with ENOSYS.  Some functions are actually named
|     something starting with __ and the normal name is an alias.  */
| #if defined __stub_arc4random_uniform || defined __stub___arc4random_uniform
| choke me
| #endif
| 
| int
| main ()
| {
| return arc4random_uniform ();
|   ;
|   return 0;
| }
configure:10157: result: no
configure:10169: checking for explicit_bzero
configure:10169: gcc -o conftest -g -O2 -Wall -std=gnu99 -fno-strict-aliasing  -fno-strict-overflow -D_FORTIFY_SOURCE=2 -fstack-protector-strong -DHAVE_GNU_STACK  -Wno-pointer-sign  -D_DEFAULT_SOURCE -D_BSD_SOURCE -D_POSIX_SOURCE -D_GNU_SOURCE   -Wl,-z,relro -Wl,-z,now  conftest.c  >&5
configure:10169: $? = 0
configure:10169: result: yes
configure:10169: checking for getauxval
configure:10169: gcc -o conftest -g -O2 -Wall -std=gnu99 -fno-strict-aliasing  -fno-strict-overflow -D_FORTIFY_SOURCE=2 -fstack-protector-strong -DHAVE_GNU_STACK  -Wno-pointer-sign  -D_DEFAULT_SOURCE -D_BSD_SOURCE -D_POSIX_SOURCE -D_GNU_SOURCE   -Wl,-z,relro -Wl,-z,now  conftest.c  >&5
configure:10169: $? = 0
configure:10169: result: yes
configure:10179: checking for getentropy
configure:10233: gcc -o conftest -g -O2 -Wall -std=gnu99 -fno-strict-aliasing  -fno-strict-overflow -D_FORTIFY_SOURCE=2 -fstack-protector-strong -DHAVE_GNU_STACK  -Wno-pointer-sign  -D_DEFAULT_SOURCE -D_BSD_SOURCE -D_POSIX_SOURCE -D_GNU_SOURCE   -Wl,-z,relro -Wl,-z,now  conftest.c  >&5
conftest.c: In function 'main':
conftest.c:77:8: warning: ignoring return value of 'getentropy', declared with attribute warn_unused_result [-Wunused-result]
  (void)getentropy(&buffer, sizeof (buffer));
        ^~~~~~~~~~~~~~~~~~~~~~~~~~~~~~~~~~~~
configure:10233: $? = 0
configure:10243: result: yes
configure:10249: checking for timingsafe_bcmp
configure:10249: gcc -o conftest -g -O2 -Wall -std=gnu99 -fno-strict-aliasing  -fno-strict-overflow -D_FORTIFY_SOURCE=2 -fstack-protector-strong -DHAVE_GNU_STACK  -Wno-pointer-sign  -D_DEFAULT_SOURCE -D_BSD_SOURCE -D_POSIX_SOURCE -D_GNU_SOURCE   -Wl,-z,relro -Wl,-z,now  conftest.c  >&5
/usr/bin/ld: /tmp/cczVc8La.o: in function `main':
/home/hellomrscarface/http2-conext-push/software/h2o/libressl-2.4.5/conftest.c:71: undefined reference to `timingsafe_bcmp'
collect2: error: ld returned 1 exit status
configure:10249: $? = 1
configure: failed program was:
| /* confdefs.h */
| #define PACKAGE_NAME "libressl"
| #define PACKAGE_TARNAME "libressl"
| #define PACKAGE_VERSION "2.4.5"
| #define PACKAGE_STRING "libressl 2.4.5"
| #define PACKAGE_BUGREPORT ""
| #define PACKAGE_URL ""
| #define PACKAGE "libressl"
| #define VERSION "2.4.5"
| #define STDC_HEADERS 1
| #define HAVE_SYS_TYPES_H 1
| #define HAVE_SYS_STAT_H 1
| #define HAVE_STDLIB_H 1
| #define HAVE_STRING_H 1
| #define HAVE_MEMORY_H 1
| #define HAVE_STRINGS_H 1
| #define HAVE_INTTYPES_H 1
| #define HAVE_STDINT_H 1
| #define HAVE_UNISTD_H 1
| #define HAVE_DLFCN_H 1
| #define LT_OBJDIR ".libs/"
| #define HAVE_SYMLINK 1
| #define HAVE_ERR_H 1
| #define HAVE_ASPRINTF 1
| #define HAVE_INET_PTON 1
| #define HAVE_MEMMEM 1
| #define HAVE_REALLOCARRAY 1
| #define HAVE_STRNDUP 1
| #define HAVE_STRNLEN 1
| #define HAVE_STRSEP 1
| #define HAVE_TIMEGM 1
| #define HAVE_ACCEPT4 1
| #define HAVE_POLL 1
| #define HAVE_EXPLICIT_BZERO 1
| #define HAVE_GETAUXVAL 1
| /* end confdefs.h.  */
| /* Define timingsafe_bcmp to an innocuous variant, in case <limits.h> declares timingsafe_bcmp.
|    For example, HP-UX 11i <limits.h> declares gettimeofday.  */
| #define timingsafe_bcmp innocuous_timingsafe_bcmp
| 
| /* System header to define __stub macros and hopefully few prototypes,
|     which can conflict with char timingsafe_bcmp (); below.
|     Prefer <limits.h> to <assert.h> if __STDC__ is defined, since
|     <limits.h> exists even on freestanding compilers.  */
| 
| #ifdef __STDC__
| # include <limits.h>
| #else
| # include <assert.h>
| #endif
| 
| #undef timingsafe_bcmp
| 
| /* Override any GCC internal prototype to avoid an error.
|    Use char because int might match the return type of a GCC
|    builtin and then its argument prototype would still apply.  */
| #ifdef __cplusplus
| extern "C"
| #endif
| char timingsafe_bcmp ();
| /* The GNU C library defines this for functions which it implements
|     to always fail with ENOSYS.  Some functions are actually named
|     something starting with __ and the normal name is an alias.  */
| #if defined __stub_timingsafe_bcmp || defined __stub___timingsafe_bcmp
| choke me
| #endif
| 
| int
| main ()
| {
| return timingsafe_bcmp ();
|   ;
|   return 0;
| }
configure:10249: result: no
configure:10249: checking for timingsafe_memcmp
configure:10249: gcc -o conftest -g -O2 -Wall -std=gnu99 -fno-strict-aliasing  -fno-strict-overflow -D_FORTIFY_SOURCE=2 -fstack-protector-strong -DHAVE_GNU_STACK  -Wno-pointer-sign  -D_DEFAULT_SOURCE -D_BSD_SOURCE -D_POSIX_SOURCE -D_GNU_SOURCE   -Wl,-z,relro -Wl,-z,now  conftest.c  >&5
/usr/bin/ld: /tmp/cc1DakVb.o: in function `main':
/home/hellomrscarface/http2-conext-push/software/h2o/libressl-2.4.5/conftest.c:71: undefined reference to `timingsafe_memcmp'
collect2: error: ld returned 1 exit status
configure:10249: $? = 1
configure: failed program was:
| /* confdefs.h */
| #define PACKAGE_NAME "libressl"
| #define PACKAGE_TARNAME "libressl"
| #define PACKAGE_VERSION "2.4.5"
| #define PACKAGE_STRING "libressl 2.4.5"
| #define PACKAGE_BUGREPORT ""
| #define PACKAGE_URL ""
| #define PACKAGE "libressl"
| #define VERSION "2.4.5"
| #define STDC_HEADERS 1
| #define HAVE_SYS_TYPES_H 1
| #define HAVE_SYS_STAT_H 1
| #define HAVE_STDLIB_H 1
| #define HAVE_STRING_H 1
| #define HAVE_MEMORY_H 1
| #define HAVE_STRINGS_H 1
| #define HAVE_INTTYPES_H 1
| #define HAVE_STDINT_H 1
| #define HAVE_UNISTD_H 1
| #define HAVE_DLFCN_H 1
| #define LT_OBJDIR ".libs/"
| #define HAVE_SYMLINK 1
| #define HAVE_ERR_H 1
| #define HAVE_ASPRINTF 1
| #define HAVE_INET_PTON 1
| #define HAVE_MEMMEM 1
| #define HAVE_REALLOCARRAY 1
| #define HAVE_STRNDUP 1
| #define HAVE_STRNLEN 1
| #define HAVE_STRSEP 1
| #define HAVE_TIMEGM 1
| #define HAVE_ACCEPT4 1
| #define HAVE_POLL 1
| #define HAVE_EXPLICIT_BZERO 1
| #define HAVE_GETAUXVAL 1
| /* end confdefs.h.  */
| /* Define timingsafe_memcmp to an innocuous variant, in case <limits.h> declares timingsafe_memcmp.
|    For example, HP-UX 11i <limits.h> declares gettimeofday.  */
| #define timingsafe_memcmp innocuous_timingsafe_memcmp
| 
| /* System header to define __stub macros and hopefully few prototypes,
|     which can conflict with char timingsafe_memcmp (); below.
|     Prefer <limits.h> to <assert.h> if __STDC__ is defined, since
|     <limits.h> exists even on freestanding compilers.  */
| 
| #ifdef __STDC__
| # include <limits.h>
| #else
| # include <assert.h>
| #endif
| 
| #undef timingsafe_memcmp
| 
| /* Override any GCC internal prototype to avoid an error.
|    Use char because int might match the return type of a GCC
|    builtin and then its argument prototype would still apply.  */
| #ifdef __cplusplus
| extern "C"
| #endif
| char timingsafe_memcmp ();
| /* The GNU C library defines this for functions which it implements
|     to always fail with ENOSYS.  Some functions are actually named
|     something starting with __ and the normal name is an alias.  */
| #if defined __stub_timingsafe_memcmp || defined __stub___timingsafe_memcmp
| choke me
| #endif
| 
| int
| main ()
| {
| return timingsafe_memcmp ();
|   ;
|   return 0;
| }
configure:10249: result: no
configure:10327: checking for getauxval
configure:10327: result: yes
configure:10332: checking for library containing clock_gettime
configure:10363: gcc -o conftest -g -O2 -Wall -std=gnu99 -fno-strict-aliasing  -fno-strict-overflow -D_FORTIFY_SOURCE=2 -fstack-protector-strong -DHAVE_GNU_STACK  -Wno-pointer-sign  -D_DEFAULT_SOURCE -D_BSD_SOURCE -D_POSIX_SOURCE -D_GNU_SOURCE   -Wl,-z,relro -Wl,-z,now  conftest.c  >&5
configure:10363: $? = 0
configure:10380: result: none required
configure:10388: checking for clock_gettime
configure:10388: gcc -o conftest -g -O2 -Wall -std=gnu99 -fno-strict-aliasing  -fno-strict-overflow -D_FORTIFY_SOURCE=2 -fstack-protector-strong -DHAVE_GNU_STACK  -Wno-pointer-sign  -D_DEFAULT_SOURCE -D_BSD_SOURCE -D_POSIX_SOURCE -D_GNU_SOURCE   -Wl,-z,relro -Wl,-z,now  conftest.c  >&5
configure:10388: $? = 0
configure:10388: result: yes
configure:10393: checking for library containing dl_iterate_phdr
configure:10424: gcc -o conftest -g -O2 -Wall -std=gnu99 -fno-strict-aliasing  -fno-strict-overflow -D_FORTIFY_SOURCE=2 -fstack-protector-strong -DHAVE_GNU_STACK  -Wno-pointer-sign  -D_DEFAULT_SOURCE -D_BSD_SOURCE -D_POSIX_SOURCE -D_GNU_SOURCE   -Wl,-z,relro -Wl,-z,now  conftest.c  >&5
configure:10424: $? = 0
configure:10441: result: none required
configure:10449: checking for dl_iterate_phdr
configure:10449: gcc -o conftest -g -O2 -Wall -std=gnu99 -fno-strict-aliasing  -fno-strict-overflow -D_FORTIFY_SOURCE=2 -fstack-protector-strong -DHAVE_GNU_STACK  -Wno-pointer-sign  -D_DEFAULT_SOURCE -D_BSD_SOURCE -D_POSIX_SOURCE -D_GNU_SOURCE   -Wl,-z,relro -Wl,-z,now  conftest.c  >&5
configure:10449: $? = 0
configure:10449: result: yes
configure:10456: checking whether va_copy exists
configure:10476: gcc -o conftest -g -O2 -Wall -std=gnu99 -fno-strict-aliasing  -fno-strict-overflow -D_FORTIFY_SOURCE=2 -fstack-protector-strong -DHAVE_GNU_STACK  -Wno-pointer-sign  -D_DEFAULT_SOURCE -D_BSD_SOURCE -D_POSIX_SOURCE -D_GNU_SOURCE   -Wl,-z,relro -Wl,-z,now  conftest.c  >&5
configure:10476: $? = 0
configure:10486: result: yes
configure:10494: checking whether __va_copy exists
configure:10514: gcc -o conftest -g -O2 -Wall -std=gnu99 -fno-strict-aliasing  -fno-strict-overflow -D_FORTIFY_SOURCE=2 -fstack-protector-strong -DHAVE_GNU_STACK  -Wno-pointer-sign  -D_DEFAULT_SOURCE -D_BSD_SOURCE -D_POSIX_SOURCE -D_GNU_SOURCE   -Wl,-z,relro -Wl,-z,now  conftest.c  >&5
configure:10514: $? = 0
configure:10524: result: yes
configure:10533: checking for library containing b64_ntop
configure:10564: gcc -o conftest -g -O2 -Wall -std=gnu99 -fno-strict-aliasing  -fno-strict-overflow -D_FORTIFY_SOURCE=2 -fstack-protector-strong -DHAVE_GNU_STACK  -Wno-pointer-sign  -D_DEFAULT_SOURCE -D_BSD_SOURCE -D_POSIX_SOURCE -D_GNU_SOURCE   -Wl,-z,relro -Wl,-z,now  conftest.c  >&5
/usr/bin/ld: /tmp/ccBx1vqt.o: in function `main':
/home/hellomrscarface/http2-conext-push/software/h2o/libressl-2.4.5/conftest.c:50: undefined reference to `b64_ntop'
collect2: error: ld returned 1 exit status
configure:10564: $? = 1
configure: failed program was:
| /* confdefs.h */
| #define PACKAGE_NAME "libressl"
| #define PACKAGE_TARNAME "libressl"
| #define PACKAGE_VERSION "2.4.5"
| #define PACKAGE_STRING "libressl 2.4.5"
| #define PACKAGE_BUGREPORT ""
| #define PACKAGE_URL ""
| #define PACKAGE "libressl"
| #define VERSION "2.4.5"
| #define STDC_HEADERS 1
| #define HAVE_SYS_TYPES_H 1
| #define HAVE_SYS_STAT_H 1
| #define HAVE_STDLIB_H 1
| #define HAVE_STRING_H 1
| #define HAVE_MEMORY_H 1
| #define HAVE_STRINGS_H 1
| #define HAVE_INTTYPES_H 1
| #define HAVE_STDINT_H 1
| #define HAVE_UNISTD_H 1
| #define HAVE_DLFCN_H 1
| #define LT_OBJDIR ".libs/"
| #define HAVE_SYMLINK 1
| #define HAVE_ERR_H 1
| #define HAVE_ASPRINTF 1
| #define HAVE_INET_PTON 1
| #define HAVE_MEMMEM 1
| #define HAVE_REALLOCARRAY 1
| #define HAVE_STRNDUP 1
| #define HAVE_STRNLEN 1
| #define HAVE_STRSEP 1
| #define HAVE_TIMEGM 1
| #define HAVE_ACCEPT4 1
| #define HAVE_POLL 1
| #define HAVE_EXPLICIT_BZERO 1
| #define HAVE_GETAUXVAL 1
| #define HAVE_VA_COPY 1
| #define HAVE___VA_COPY 1
| /* end confdefs.h.  */
| 
| /* Override any GCC internal prototype to avoid an error.
|    Use char because int might match the return type of a GCC
|    builtin and then its argument prototype would still apply.  */
| #ifdef __cplusplus
| extern "C"
| #endif
| char b64_ntop ();
| int
| main ()
| {
| return b64_ntop ();
|   ;
|   return 0;
| }
configure:10564: gcc -o conftest -g -O2 -Wall -std=gnu99 -fno-strict-aliasing  -fno-strict-overflow -D_FORTIFY_SOURCE=2 -fstack-protector-strong -DHAVE_GNU_STACK  -Wno-pointer-sign  -D_DEFAULT_SOURCE -D_BSD_SOURCE -D_POSIX_SOURCE -D_GNU_SOURCE   -Wl,-z,relro -Wl,-z,now  conftest.c -lresolv   >&5
/usr/bin/ld: /tmp/ccEGwCZu.o: in function `main':
/home/hellomrscarface/http2-conext-push/software/h2o/libressl-2.4.5/conftest.c:50: undefined reference to `b64_ntop'
collect2: error: ld returned 1 exit status
configure:10564: $? = 1
configure: failed program was:
| /* confdefs.h */
| #define PACKAGE_NAME "libressl"
| #define PACKAGE_TARNAME "libressl"
| #define PACKAGE_VERSION "2.4.5"
| #define PACKAGE_STRING "libressl 2.4.5"
| #define PACKAGE_BUGREPORT ""
| #define PACKAGE_URL ""
| #define PACKAGE "libressl"
| #define VERSION "2.4.5"
| #define STDC_HEADERS 1
| #define HAVE_SYS_TYPES_H 1
| #define HAVE_SYS_STAT_H 1
| #define HAVE_STDLIB_H 1
| #define HAVE_STRING_H 1
| #define HAVE_MEMORY_H 1
| #define HAVE_STRINGS_H 1
| #define HAVE_INTTYPES_H 1
| #define HAVE_STDINT_H 1
| #define HAVE_UNISTD_H 1
| #define HAVE_DLFCN_H 1
| #define LT_OBJDIR ".libs/"
| #define HAVE_SYMLINK 1
| #define HAVE_ERR_H 1
| #define HAVE_ASPRINTF 1
| #define HAVE_INET_PTON 1
| #define HAVE_MEMMEM 1
| #define HAVE_REALLOCARRAY 1
| #define HAVE_STRNDUP 1
| #define HAVE_STRNLEN 1
| #define HAVE_STRSEP 1
| #define HAVE_TIMEGM 1
| #define HAVE_ACCEPT4 1
| #define HAVE_POLL 1
| #define HAVE_EXPLICIT_BZERO 1
| #define HAVE_GETAUXVAL 1
| #define HAVE_VA_COPY 1
| #define HAVE___VA_COPY 1
| /* end confdefs.h.  */
| 
| /* Override any GCC internal prototype to avoid an error.
|    Use char because int might match the return type of a GCC
|    builtin and then its argument prototype would still apply.  */
| #ifdef __cplusplus
| extern "C"
| #endif
| char b64_ntop ();
| int
| main ()
| {
| return b64_ntop ();
|   ;
|   return 0;
| }
configure:10581: result: no
configure:10589: checking for library containing __b64_ntop
configure:10620: gcc -o conftest -g -O2 -Wall -std=gnu99 -fno-strict-aliasing  -fno-strict-overflow -D_FORTIFY_SOURCE=2 -fstack-protector-strong -DHAVE_GNU_STACK  -Wno-pointer-sign  -D_DEFAULT_SOURCE -D_BSD_SOURCE -D_POSIX_SOURCE -D_GNU_SOURCE   -Wl,-z,relro -Wl,-z,now  conftest.c  >&5
/usr/bin/ld: /tmp/ccV4Wy3z.o: in function `main':
/home/hellomrscarface/http2-conext-push/software/h2o/libressl-2.4.5/conftest.c:50: undefined reference to `__b64_ntop'
collect2: error: ld returned 1 exit status
configure:10620: $? = 1
configure: failed program was:
| /* confdefs.h */
| #define PACKAGE_NAME "libressl"
| #define PACKAGE_TARNAME "libressl"
| #define PACKAGE_VERSION "2.4.5"
| #define PACKAGE_STRING "libressl 2.4.5"
| #define PACKAGE_BUGREPORT ""
| #define PACKAGE_URL ""
| #define PACKAGE "libressl"
| #define VERSION "2.4.5"
| #define STDC_HEADERS 1
| #define HAVE_SYS_TYPES_H 1
| #define HAVE_SYS_STAT_H 1
| #define HAVE_STDLIB_H 1
| #define HAVE_STRING_H 1
| #define HAVE_MEMORY_H 1
| #define HAVE_STRINGS_H 1
| #define HAVE_INTTYPES_H 1
| #define HAVE_STDINT_H 1
| #define HAVE_UNISTD_H 1
| #define HAVE_DLFCN_H 1
| #define LT_OBJDIR ".libs/"
| #define HAVE_SYMLINK 1
| #define HAVE_ERR_H 1
| #define HAVE_ASPRINTF 1
| #define HAVE_INET_PTON 1
| #define HAVE_MEMMEM 1
| #define HAVE_REALLOCARRAY 1
| #define HAVE_STRNDUP 1
| #define HAVE_STRNLEN 1
| #define HAVE_STRSEP 1
| #define HAVE_TIMEGM 1
| #define HAVE_ACCEPT4 1
| #define HAVE_POLL 1
| #define HAVE_EXPLICIT_BZERO 1
| #define HAVE_GETAUXVAL 1
| #define HAVE_VA_COPY 1
| #define HAVE___VA_COPY 1
| /* end confdefs.h.  */
| 
| /* Override any GCC internal prototype to avoid an error.
|    Use char because int might match the return type of a GCC
|    builtin and then its argument prototype would still apply.  */
| #ifdef __cplusplus
| extern "C"
| #endif
| char __b64_ntop ();
| int
| main ()
| {
| return __b64_ntop ();
|   ;
|   return 0;
| }
configure:10620: gcc -o conftest -g -O2 -Wall -std=gnu99 -fno-strict-aliasing  -fno-strict-overflow -D_FORTIFY_SOURCE=2 -fstack-protector-strong -DHAVE_GNU_STACK  -Wno-pointer-sign  -D_DEFAULT_SOURCE -D_BSD_SOURCE -D_POSIX_SOURCE -D_GNU_SOURCE   -Wl,-z,relro -Wl,-z,now  conftest.c -lresolv   >&5
configure:10620: $? = 0
configure:10637: result: -lresolv
configure:10645: checking for b64_ntop
configure:10668: gcc -o conftest -g -O2 -Wall -std=gnu99 -fno-strict-aliasing  -fno-strict-overflow -D_FORTIFY_SOURCE=2 -fstack-protector-strong -DHAVE_GNU_STACK  -Wno-pointer-sign  -D_DEFAULT_SOURCE -D_BSD_SOURCE -D_POSIX_SOURCE -D_GNU_SOURCE   -Wl,-z,relro -Wl,-z,now  conftest.c -lresolv  >&5
configure:10668: $? = 0
configure:10678: result: yes
configure:10724: checking if BSWAP4 builds without __STRICT_ALIGNMENT
configure:10737: gcc -c -g -O2 -Wall -std=gnu99 -fno-strict-aliasing  -fno-strict-overflow -D_FORTIFY_SOURCE=2 -fstack-protector-strong -DHAVE_GNU_STACK  -Wno-pointer-sign -I./include  -D_DEFAULT_SOURCE -D_BSD_SOURCE -D_POSIX_SOURCE -D_GNU_SOURCE conftest.c >&5
In file included from conftest.c:39:
./crypto/modes/modes_lcl.h:9:10: fatal error: machine/endian.h: No such file or directory
 #include <machine/endian.h>
          ^~~~~~~~~~~~~~~~~~
compilation terminated.
configure:10737: $? = 1
configure: failed program was:
| /* confdefs.h */
| #define PACKAGE_NAME "libressl"
| #define PACKAGE_TARNAME "libressl"
| #define PACKAGE_VERSION "2.4.5"
| #define PACKAGE_STRING "libressl 2.4.5"
| #define PACKAGE_BUGREPORT ""
| #define PACKAGE_URL ""
| #define PACKAGE "libressl"
| #define VERSION "2.4.5"
| #define STDC_HEADERS 1
| #define HAVE_SYS_TYPES_H 1
| #define HAVE_SYS_STAT_H 1
| #define HAVE_STDLIB_H 1
| #define HAVE_STRING_H 1
| #define HAVE_MEMORY_H 1
| #define HAVE_STRINGS_H 1
| #define HAVE_INTTYPES_H 1
| #define HAVE_STDINT_H 1
| #define HAVE_UNISTD_H 1
| #define HAVE_DLFCN_H 1
| #define LT_OBJDIR ".libs/"
| #define HAVE_SYMLINK 1
| #define HAVE_ERR_H 1
| #define HAVE_ASPRINTF 1
| #define HAVE_INET_PTON 1
| #define HAVE_MEMMEM 1
| #define HAVE_REALLOCARRAY 1
| #define HAVE_STRNDUP 1
| #define HAVE_STRNLEN 1
| #define HAVE_STRSEP 1
| #define HAVE_TIMEGM 1
| #define HAVE_ACCEPT4 1
| #define HAVE_POLL 1
| #define HAVE_EXPLICIT_BZERO 1
| #define HAVE_GETAUXVAL 1
| #define HAVE_VA_COPY 1
| #define HAVE___VA_COPY 1
| /* end confdefs.h.  */
| #include "./crypto/modes/modes_lcl.h"
| int
| main ()
| {
| int a = 0; BSWAP4(a);
|   ;
|   return 0;
| }
configure:10742: result: no
configure:10766: checking if .gnu.warning accepts long strings
configure:10776: gcc -o conftest -g -O2 -Wall -std=gnu99 -fno-strict-aliasing  -fno-strict-overflow -D_FORTIFY_SOURCE=2 -fstack-protector-strong -DHAVE_GNU_STACK  -Wno-pointer-sign  -D_DEFAULT_SOURCE -D_BSD_SOURCE -D_POSIX_SOURCE -D_GNU_SOURCE   -Wl,-z,relro -Wl,-z,now  conftest.c -lresolv  >&5
configure:10776: $? = 0
configure:10781: result: yes
configure:10830: checking size of time_t
configure:10835: gcc -o conftest -g -O2 -Wall -std=gnu99 -fno-strict-aliasing  -fno-strict-overflow -D_FORTIFY_SOURCE=2 -fstack-protector-strong -DHAVE_GNU_STACK  -Wno-pointer-sign  -D_DEFAULT_SOURCE -D_BSD_SOURCE -D_POSIX_SOURCE -D_GNU_SOURCE   -Wl,-z,relro -Wl,-z,now  conftest.c -lresolv  >&5
configure:10835: $? = 0
configure:10835: ./conftest
configure:10835: $? = 0
configure:10849: result: 8
configure:11015: checking that generated files are newer than configure
configure:11021: result: done
configure:11220: creating ./config.status

## ---------------------- ##
## Running config.status. ##
## ---------------------- ##

This file was extended by libressl config.status 2.4.5, which was
generated by GNU Autoconf 2.69.  Invocation command line was

  CONFIG_FILES    = 
  CONFIG_HEADERS  = 
  CONFIG_LINKS    = 
  CONFIG_COMMANDS = 
  $ ./config.status 

on project-534

config.status:1110: creating Makefile
config.status:1110: creating include/Makefile
config.status:1110: creating include/openssl/Makefile
config.status:1110: creating crypto/Makefile
config.status:1110: creating ssl/Makefile
config.status:1110: creating tls/Makefile
config.status:1110: creating tests/Makefile
config.status:1110: creating apps/Makefile
config.status:1110: creating apps/openssl/Makefile
config.status:1110: creating apps/nc/Makefile
config.status:1110: creating man/Makefile
config.status:1110: creating libcrypto.pc
config.status:1110: creating libssl.pc
config.status:1110: creating libtls.pc
config.status:1110: creating openssl.pc
config.status:1282: executing depfiles commands
config.status:1282: executing libtool commands

## ---------------- ##
## Cache variables. ##
## ---------------- ##

ac_cv_build=x86_64-pc-linux-gnu
ac_cv_c_compiler_gnu=yes
ac_cv_env_CCASFLAGS_set=
ac_cv_env_CCASFLAGS_value=
ac_cv_env_CCAS_set=
ac_cv_env_CCAS_value=
ac_cv_env_CC_set=
ac_cv_env_CC_value=
ac_cv_env_CFLAGS_set=
ac_cv_env_CFLAGS_value=
ac_cv_env_CPPFLAGS_set=
ac_cv_env_CPPFLAGS_value=
ac_cv_env_CPP_set=
ac_cv_env_CPP_value=
ac_cv_env_LDFLAGS_set=
ac_cv_env_LDFLAGS_value=
ac_cv_env_LIBS_set=
ac_cv_env_LIBS_value=
ac_cv_env_build_alias_set=
ac_cv_env_build_alias_value=
ac_cv_env_host_alias_set=
ac_cv_env_host_alias_value=
ac_cv_env_target_alias_set=
ac_cv_env_target_alias_value=
ac_cv_func__mkgmtime=no
ac_cv_func_accept4=yes
ac_cv_func_arc4random=no
ac_cv_func_arc4random_buf=no
ac_cv_func_arc4random_uniform=no
ac_cv_func_asprintf=yes
ac_cv_func_clock_gettime=yes
ac_cv_func_dl_iterate_phdr=yes
ac_cv_func_explicit_bzero=yes
ac_cv_func_funopen=no
ac_cv_func_getauxval=yes
ac_cv_func_getentropy=yes
ac_cv_func_inet_pton=yes
ac_cv_func_memmem=yes
ac_cv_func_pledge=no
ac_cv_func_poll=yes
ac_cv_func_readpassphrase=no
ac_cv_func_reallocarray=yes
ac_cv_func_strlcat=no
ac_cv_func_strlcpy=no
ac_cv_func_strndup=yes
ac_cv_func_strnlen=yes
ac_cv_func_strsep=yes
ac_cv_func_strtonum=no
ac_cv_func_symlink=yes
ac_cv_func_timegm=yes
ac_cv_func_timingsafe_bcmp=no
ac_cv_func_timingsafe_memcmp=no
ac_cv_have___va_copy=yes
ac_cv_have_b64_ntop_arg=yes
ac_cv_have_va_copy=yes
ac_cv_header_dlfcn_h=yes
ac_cv_header_err_h=yes
ac_cv_header_inttypes_h=yes
ac_cv_header_memory_h=yes
ac_cv_header_readpassphrase_h=no
ac_cv_header_stdc=yes
ac_cv_header_stdint_h=yes
ac_cv_header_stdlib_h=yes
ac_cv_header_string_h=yes
ac_cv_header_strings_h=yes
ac_cv_header_sys_stat_h=yes
ac_cv_header_sys_types_h=yes
ac_cv_header_unistd_h=yes
ac_cv_host=x86_64-pc-linux-gnu
ac_cv_objext=o
ac_cv_path_EGREP='/usr/bin/grep -E'
ac_cv_path_FGREP='/usr/bin/grep -F'
ac_cv_path_GREP=/usr/bin/grep
ac_cv_path_SED=/usr/bin/sed
ac_cv_path_install='/usr/bin/install -c'
ac_cv_path_mkdir=/usr/bin/mkdir
ac_cv_prog_AWK=mawk
ac_cv_prog_CPP='gcc -E'
ac_cv_prog_ac_ct_AR=ar
ac_cv_prog_ac_ct_CC=gcc
ac_cv_prog_ac_ct_MANIFEST_TOOL=mt
ac_cv_prog_ac_ct_OBJDUMP=objdump
ac_cv_prog_ac_ct_RANLIB=ranlib
ac_cv_prog_ac_ct_STRIP=strip
ac_cv_prog_cc_c89=
ac_cv_prog_cc_c99=
ac_cv_prog_cc_g=yes
ac_cv_prog_cc_stdc=
ac_cv_prog_make_make_set=yes
ac_cv_search___b64_ntop=-lresolv
ac_cv_search_b64_ntop=no
ac_cv_search_clock_gettime='none required'
ac_cv_search_dl_iterate_phdr='none required'
ac_cv_sizeof_time_t=8
am_cv_CCAS_dependencies_compiler_type=gcc3
am_cv_CC_dependencies_compiler_type=gcc3
am_cv_make_support_nested_variables=yes
am_cv_prog_cc_c_o=yes
lt_cv_ar_at_file=@
lt_cv_deplibs_check_method=pass_all
lt_cv_file_magic_cmd='$MAGIC_CMD'
lt_cv_file_magic_test_file=
lt_cv_ld_reload_flag=-r
lt_cv_nm_interface='BSD nm'
lt_cv_objdir=.libs
lt_cv_path_LD=/usr/bin/ld
lt_cv_path_NM='/usr/bin/nm -B'
lt_cv_path_mainfest_tool=no
lt_cv_prog_compiler_c_o=yes
lt_cv_prog_compiler_pic='-fPIC -DPIC'
lt_cv_prog_compiler_pic_works=yes
lt_cv_prog_compiler_rtti_exceptions=no
lt_cv_prog_compiler_static_works=yes
lt_cv_prog_gnu_ld=yes
lt_cv_sharedlib_from_linklib_cmd='printf %s\n'
lt_cv_shlibpath_overrides_runpath=yes
lt_cv_sys_global_symbol_pipe='sed -n -e '\''s/^.*[	 ]\([ABCDGIRSTW][ABCDGIRSTW]*\)[	 ][	 ]*\([_A-Za-z][_A-Za-z0-9]*\)$/\1 \2 \2/p'\'' | sed '\''/ __gnu_lto/d'\'''
lt_cv_sys_global_symbol_to_c_name_address='sed -n -e '\''s/^: \([^ ]*\)[ ]*$/  {\"\1\", (void *) 0},/p'\'' -e '\''s/^[ABCDGIRSTW]* \([^ ]*\) \([^ ]*\)$/  {"\2", (void *) \&\2},/p'\'''
lt_cv_sys_global_symbol_to_c_name_address_lib_prefix='sed -n -e '\''s/^: \([^ ]*\)[ ]*$/  {\"\1\", (void *) 0},/p'\'' -e '\''s/^[ABCDGIRSTW]* \([^ ]*\) \(lib[^ ]*\)$/  {"\2", (void *) \&\2},/p'\'' -e '\''s/^[ABCDGIRSTW]* \([^ ]*\) \([^ ]*\)$/  {"lib\2", (void *) \&\2},/p'\'''
lt_cv_sys_global_symbol_to_cdecl='sed -n -e '\''s/^T .* \(.*\)$/extern int \1();/p'\'' -e '\''s/^[ABCDGIRSTW]* .* \(.*\)$/extern char \1;/p'\'''
lt_cv_sys_max_cmd_len=1572864
lt_cv_to_host_file_cmd=func_convert_file_noop
lt_cv_to_tool_file_cmd=func_convert_file_noop

## ----------------- ##
## Output variables. ##
## ----------------- ##

ACLOCAL='${SHELL} /home/hellomrscarface/http2-conext-push/software/h2o/libressl-2.4.5/missing aclocal-1.15'
AMDEPBACKSLASH='\'
AMDEP_FALSE='#'
AMDEP_TRUE=''
AMTAR='$${TAR-tar}'
AM_BACKSLASH='\'
AM_DEFAULT_V='$(AM_DEFAULT_VERBOSITY)'
AM_DEFAULT_VERBOSITY='0'
AM_V='$(V)'
AR='ar'
AUTOCONF='${SHELL} /home/hellomrscarface/http2-conext-push/software/h2o/libressl-2.4.5/missing autoconf'
AUTOHEADER='${SHELL} /home/hellomrscarface/http2-conext-push/software/h2o/libressl-2.4.5/missing autoheader'
AUTOMAKE='${SHELL} /home/hellomrscarface/http2-conext-push/software/h2o/libressl-2.4.5/missing automake-1.15'
AWK='mawk'
BUILD_CERTHASH_FALSE='#'
BUILD_CERTHASH_TRUE=''
BUILD_NC_FALSE='#'
BUILD_NC_TRUE=''
CC='gcc'
CCAS='gcc'
CCASDEPMODE='depmode=gcc3'
CCASFLAGS='-g -O2 -Wall -std=gnu99 -fno-strict-aliasing  -fno-strict-overflow -D_FORTIFY_SOURCE=2 -fstack-protector-strong -DHAVE_GNU_STACK'
CCDEPMODE='depmode=gcc3'
CFLAGS='-g -O2 -Wall -std=gnu99 -fno-strict-aliasing  -fno-strict-overflow -D_FORTIFY_SOURCE=2 -fstack-protector-strong -DHAVE_GNU_STACK  -Wno-pointer-sign'
CPP='gcc -E'
CPPFLAGS=' -D_DEFAULT_SOURCE -D_BSD_SOURCE -D_POSIX_SOURCE -D_GNU_SOURCE'
CYGPATH_W='echo'
DEFS='-DPACKAGE_NAME=\"libressl\" -DPACKAGE_TARNAME=\"libressl\" -DPACKAGE_VERSION=\"2.4.5\" -DPACKAGE_STRING=\"libressl\ 2.4.5\" -DPACKAGE_BUGREPORT=\"\" -DPACKAGE_URL=\"\" -DPACKAGE=\"libressl\" -DVERSION=\"2.4.5\" -DSTDC_HEADERS=1 -DHAVE_SYS_TYPES_H=1 -DHAVE_SYS_STAT_H=1 -DHAVE_STDLIB_H=1 -DHAVE_STRING_H=1 -DHAVE_MEMORY_H=1 -DHAVE_STRINGS_H=1 -DHAVE_INTTYPES_H=1 -DHAVE_STDINT_H=1 -DHAVE_UNISTD_H=1 -DHAVE_DLFCN_H=1 -DLT_OBJDIR=\".libs/\" -DHAVE_SYMLINK=1 -DHAVE_ERR_H=1 -DHAVE_ASPRINTF=1 -DHAVE_INET_PTON=1 -DHAVE_MEMMEM=1 -DHAVE_REALLOCARRAY=1 -DHAVE_STRNDUP=1 -DHAVE_STRNLEN=1 -DHAVE_STRSEP=1 -DHAVE_TIMEGM=1 -DHAVE_ACCEPT4=1 -DHAVE_POLL=1 -DHAVE_EXPLICIT_BZERO=1 -DHAVE_GETAUXVAL=1 -DHAVE_VA_COPY=1 -DHAVE___VA_COPY=1 -DHAS_GNU_WARNING_LONG=1 -DSIZEOF_TIME_T=8'
DEPDIR='.deps'
DLLTOOL='false'
DSYMUTIL=''
DUMPBIN=''
ECHO_C=''
ECHO_N='-n'
ECHO_T=''
EGREP='/usr/bin/grep -E'
ENABLE_EXTRATESTS_FALSE=''
ENABLE_EXTRATESTS_TRUE='#'
ENABLE_NC_FALSE=''
ENABLE_NC_TRUE='#'
EXEEXT=''
FGREP='/usr/bin/grep -F'
GREP='/usr/bin/grep'
HAVE_ACCEPT4_FALSE='#'
HAVE_ACCEPT4_TRUE=''
HAVE_ARC4RANDOM_BUF_FALSE=''
HAVE_ARC4RANDOM_BUF_TRUE='#'
HAVE_ARC4RANDOM_FALSE=''
HAVE_ARC4RANDOM_TRUE='#'
HAVE_ARC4RANDOM_UNIFORM_FALSE=''
HAVE_ARC4RANDOM_UNIFORM_TRUE='#'
HAVE_ASPRINTF_FALSE='#'
HAVE_ASPRINTF_TRUE=''
HAVE_B64_NTOP_FALSE=''
HAVE_B64_NTOP_TRUE='#'
HAVE_EXPLICIT_BZERO_FALSE='#'
HAVE_EXPLICIT_BZERO_TRUE=''
HAVE_GETENTROPY_FALSE='#'
HAVE_GETENTROPY_TRUE=''
HAVE_INET_PTON_FALSE='#'
HAVE_INET_PTON_TRUE=''
HAVE_MEMMEM_FALSE='#'
HAVE_MEMMEM_TRUE=''
HAVE_PLEDGE_FALSE=''
HAVE_PLEDGE_TRUE='#'
HAVE_POLL_FALSE='#'
HAVE_POLL_TRUE=''
HAVE_READPASSPHRASE_FALSE=''
HAVE_READPASSPHRASE_TRUE='#'
HAVE_REALLOCARRAY_FALSE='#'
HAVE_REALLOCARRAY_TRUE=''
HAVE_STRLCAT_FALSE=''
HAVE_STRLCAT_TRUE='#'
HAVE_STRLCPY_FALSE=''
HAVE_STRLCPY_TRUE='#'
HAVE_STRNDUP_FALSE='#'
HAVE_STRNDUP_TRUE=''
HAVE_STRNLEN_FALSE='#'
HAVE_STRNLEN_TRUE=''
HAVE_STRSEP_FALSE='#'
HAVE_STRSEP_TRUE=''
HAVE_STRTONUM_FALSE=''
HAVE_STRTONUM_TRUE='#'
HAVE_TIMEGM_FALSE='#'
HAVE_TIMEGM_TRUE=''
HAVE_TIMINGSAFE_BCMP_FALSE=''
HAVE_TIMINGSAFE_BCMP_TRUE='#'
HAVE_TIMINGSAFE_MEMCMP_FALSE=''
HAVE_TIMINGSAFE_MEMCMP_TRUE='#'
HOST_AIX_FALSE=''
HOST_AIX_TRUE='#'
HOST_ASM_ELF_X86_64_FALSE='#'
HOST_ASM_ELF_X86_64_TRUE=''
HOST_ASM_MACOSX_X86_64_FALSE=''
HOST_ASM_MACOSX_X86_64_TRUE='#'
HOST_CYGWIN_FALSE=''
HOST_CYGWIN_TRUE='#'
HOST_DARWIN_FALSE=''
HOST_DARWIN_TRUE='#'
HOST_FREEBSD_FALSE=''
HOST_FREEBSD_TRUE='#'
HOST_HPUX_FALSE=''
HOST_HPUX_TRUE='#'
HOST_LINUX_FALSE='#'
HOST_LINUX_TRUE=''
HOST_NETBSD_FALSE=''
HOST_NETBSD_TRUE='#'
HOST_OPENBSD_FALSE=''
HOST_OPENBSD_TRUE='#'
HOST_SOLARIS_FALSE=''
HOST_SOLARIS_TRUE='#'
HOST_WIN_FALSE=''
HOST_WIN_TRUE='#'
INSTALL_DATA='${INSTALL} -m 644'
INSTALL_PROGRAM='${INSTALL}'
INSTALL_SCRIPT='${INSTALL}'
INSTALL_STRIP_PROGRAM='$(install_sh) -c -s'
LD='/usr/bin/ld -m elf_x86_64'
LDFLAGS='  -Wl,-z,relro -Wl,-z,now '
LIBCRYPTO_VERSION='38:0:0'
LIBOBJS=''
LIBS='-lresolv '
LIBSSL_VERSION='39:0:0'
LIBTLS_VERSION='11:0:0'
LIBTOOL='$(SHELL) $(top_builddir)/libtool'
LIPO=''
LN_S='ln -s'
LTLIBOBJS=''
MAKEINFO='${SHELL} /home/hellomrscarface/http2-conext-push/software/h2o/libressl-2.4.5/missing makeinfo'
MANIFEST_TOOL=':'
MKDIR_P='/usr/bin/mkdir -p'
NM='/usr/bin/nm -B'
NMEDIT=''
OBJDUMP='objdump'
OBJEXT='o'
OPENSSLDIR=''
OPENSSLDIR_DEFINED_FALSE=''
OPENSSLDIR_DEFINED_TRUE='#'
OPENSSL_NO_ASM_FALSE=''
OPENSSL_NO_ASM_TRUE='#'
OTOOL64=''
OTOOL=''
PACKAGE='libressl'
PACKAGE_BUGREPORT=''
PACKAGE_NAME='libressl'
PACKAGE_STRING='libressl 2.4.5'
PACKAGE_TARNAME='libressl'
PACKAGE_URL=''
PACKAGE_VERSION='2.4.5'
PATH_SEPARATOR=':'
PLATFORM_LDADD=''
PROG_LDADD=''
RANLIB='ranlib'
SED='/usr/bin/sed'
SET_MAKE=''
SHELL='/bin/bash'
SMALL_TIME_T_FALSE=''
SMALL_TIME_T_TRUE='#'
STRIP='strip'
VERSION='2.4.5'
ac_ct_AR='ar'
ac_ct_CC='gcc'
ac_ct_DUMPBIN=''
am__EXEEXT_FALSE=''
am__EXEEXT_TRUE='#'
am__fastdepCCAS_FALSE='#'
am__fastdepCCAS_TRUE=''
am__fastdepCC_FALSE='#'
am__fastdepCC_TRUE=''
am__include='include'
am__isrc=''
am__leading_dot='.'
am__nodep='_no'
am__quote=''
am__tar='$${TAR-tar} chof - "$$tardir"'
am__untar='$${TAR-tar} xf -'
bindir='${exec_prefix}/bin'
build='x86_64-pc-linux-gnu'
build_alias=''
build_cpu='x86_64'
build_os='linux-gnu'
build_vendor='pc'
datadir='${datarootdir}'
datarootdir='${prefix}/share'
docdir='${datarootdir}/doc/${PACKAGE_TARNAME}'
dvidir='${docdir}'
exec_prefix='${prefix}'
host='x86_64-pc-linux-gnu'
host_alias=''
host_cpu='x86_64'
host_os='linux-gnu'
host_vendor='pc'
htmldir='${docdir}'
includedir='${prefix}/include'
infodir='${datarootdir}/info'
install_sh='${SHELL} /home/hellomrscarface/http2-conext-push/software/h2o/libressl-2.4.5/install-sh'
libdir='/home/hellomrscarface/http2-conext-push/software/h2o/libressl-build/lib'
libexecdir='${exec_prefix}/libexec'
localedir='${datarootdir}/locale'
localstatedir='${prefix}/var'
mandir='${datarootdir}/man'
mkdir_p='$(MKDIR_P)'
oldincludedir='/usr/include'
pdfdir='${docdir}'
prefix='/home/hellomrscarface/http2-conext-push/software/h2o/libressl-build'
program_transform_name='s,x,x,'
psdir='${docdir}'
sbindir='${exec_prefix}/sbin'
sharedstatedir='${prefix}/com'
sysconfdir='${prefix}/etc'
target_alias=''

## ----------- ##
## confdefs.h. ##
## ----------- ##

/* confdefs.h */
#define PACKAGE_NAME "libressl"
#define PACKAGE_TARNAME "libressl"
#define PACKAGE_VERSION "2.4.5"
#define PACKAGE_STRING "libressl 2.4.5"
#define PACKAGE_BUGREPORT ""
#define PACKAGE_URL ""
#define PACKAGE "libressl"
#define VERSION "2.4.5"
#define STDC_HEADERS 1
#define HAVE_SYS_TYPES_H 1
#define HAVE_SYS_STAT_H 1
#define HAVE_STDLIB_H 1
#define HAVE_STRING_H 1
#define HAVE_MEMORY_H 1
#define HAVE_STRINGS_H 1
#define HAVE_INTTYPES_H 1
#define HAVE_STDINT_H 1
#define HAVE_UNISTD_H 1
#define HAVE_DLFCN_H 1
#define LT_OBJDIR ".libs/"
#define HAVE_SYMLINK 1
#define HAVE_ERR_H 1
#define HAVE_ASPRINTF 1
#define HAVE_INET_PTON 1
#define HAVE_MEMMEM 1
#define HAVE_REALLOCARRAY 1
#define HAVE_STRNDUP 1
#define HAVE_STRNLEN 1
#define HAVE_STRSEP 1
#define HAVE_TIMEGM 1
#define HAVE_ACCEPT4 1
#define HAVE_POLL 1
#define HAVE_EXPLICIT_BZERO 1
#define HAVE_GETAUXVAL 1
#define HAVE_VA_COPY 1
#define HAVE___VA_COPY 1
#define HAS_GNU_WARNING_LONG 1
#define SIZEOF_TIME_T 8

configure: exit 0
