This file contains any messages produced by compilers while
running configure, to aid debugging if configure makes a mistake.

It was created by configure, which was
generated by GNU Autoconf 2.69.  Invocation command line was

  $ /home/hellomrscarface/http2-conext-push/software/h2o/deps/mruby-file-stat/configure 

## --------- ##
## Platform. ##
## --------- ##

hostname = project-534
uname -m = x86_64
uname -r = 4.19.0-12-cloud-amd64
uname -s = Linux
uname -v = #1 SMP Debian 4.19.152-1 (2020-10-18)

/usr/bin/uname -p = unknown
/bin/uname -X     = unknown

/bin/arch              = x86_64
/usr/bin/arch -k       = unknown
/usr/convex/getsysinfo = unknown
/usr/bin/hostinfo      = unknown
/bin/machine           = unknown
/usr/bin/oslevel       = unknown
/bin/universe          = unknown

PATH: /usr/local/bin
PATH: /usr/bin
PATH: /bin
PATH: /usr/local/games
PATH: /usr/games


## ----------- ##
## Core tests. ##
## ----------- ##

configure:2092: checking for gcc
configure:2119: result: gcc -g -std=gnu99 -O3 -Wall -Werror-implicit-function-declaration -Wdeclaration-after-statement -Wwrite-strings
configure:2348: checking for C compiler version
configure:2357: gcc -g -std=gnu99 -O3 -Wall -Werror-implicit-function-declaration -Wdeclaration-after-statement -Wwrite-strings --version >&5
gcc (Debian 8.3.0-6) 8.3.0
Copyright (C) 2018 Free Software Foundation, Inc.
This is free software; see the source for copying conditions.  There is NO
warranty; not even for MERCHANTABILITY or FITNESS FOR A PARTICULAR PURPOSE.

configure:2368: $? = 0
configure:2357: gcc -g -std=gnu99 -O3 -Wall -Werror-implicit-function-declaration -Wdeclaration-after-statement -Wwrite-strings -v >&5
Using built-in specs.
COLLECT_GCC=gcc
COLLECT_LTO_WRAPPER=/usr/lib/gcc/x86_64-linux-gnu/8/lto-wrapper
OFFLOAD_TARGET_NAMES=nvptx-none
OFFLOAD_TARGET_DEFAULT=1
Target: x86_64-linux-gnu
Configured with: ../src/configure -v --with-pkgversion='Debian 8.3.0-6' --with-bugurl=file:///usr/share/doc/gcc-8/README.Bugs --enable-languages=c,ada,c++,go,brig,d,fortran,objc,obj-c++ --prefix=/usr --with-gcc-major-version-only --program-suffix=-8 --program-prefix=x86_64-linux-gnu- --enable-shared --enable-linker-build-id --libexecdir=/usr/lib --without-included-gettext --enable-threads=posix --libdir=/usr/lib --enable-nls --enable-bootstrap --enable-clocale=gnu --enable-libstdcxx-debug --enable-libstdcxx-time=yes --with-default-libstdcxx-abi=new --enable-gnu-unique-object --disable-vtable-verify --enable-libmpx --enable-plugin --enable-default-pie --with-system-zlib --with-target-system-zlib --enable-objc-gc=auto --enable-multiarch --disable-werror --with-arch-32=i686 --with-abi=m64 --with-multilib-list=m32,m64,mx32 --enable-multilib --with-tune=generic --enable-offload-targets=nvptx-none --without-cuda-driver --enable-checking=release --build=x86_64-linux-gnu --host=x86_64-linux-gnu --target=x86_64-linux-gnu
Thread model: posix
gcc version 8.3.0 (Debian 8.3.0-6) 
configure:2368: $? = 0
configure:2357: gcc -g -std=gnu99 -O3 -Wall -Werror-implicit-function-declaration -Wdeclaration-after-statement -Wwrite-strings -V >&5
gcc: error: unrecognized command line option '-V'
gcc: fatal error: no input files
compilation terminated.
configure:2368: $? = 1
configure:2357: gcc -g -std=gnu99 -O3 -Wall -Werror-implicit-function-declaration -Wdeclaration-after-statement -Wwrite-strings -qversion >&5
gcc: error: unrecognized command line option '-qversion'; did you mean '--version'?
gcc: fatal error: no input files
compilation terminated.
configure:2368: $? = 1
configure:2388: checking whether the C compiler works
configure:2410: gcc -g -std=gnu99 -O3 -Wall -Werror-implicit-function-declaration -Wdeclaration-after-statement -Wwrite-strings    conftest.c  >&5
configure:2414: $? = 0
configure:2462: result: yes
configure:2465: checking for C compiler default output file name
configure:2467: result: a.out
configure:2473: checking for suffix of executables
configure:2480: gcc -g -std=gnu99 -O3 -Wall -Werror-implicit-function-declaration -Wdeclaration-after-statement -Wwrite-strings -o conftest    conftest.c  >&5
configure:2484: $? = 0
configure:2506: result: 
configure:2528: checking whether we are cross compiling
configure:2536: gcc -g -std=gnu99 -O3 -Wall -Werror-implicit-function-declaration -Wdeclaration-after-statement -Wwrite-strings -o conftest    conftest.c  >&5
configure:2540: $? = 0
configure:2547: ./conftest
configure:2551: $? = 0
configure:2539: result: no
configure:2544: checking for suffix of object files
configure:2566: gcc -g -std=gnu99 -O3 -Wall -Werror-implicit-function-declaration -Wdeclaration-after-statement -Wwrite-strings -c   conftest.c >&5
configure:2570: $? = 0
configure:2591: result: o
configure:2595: checking whether we are using the GNU C compiler
configure:2614: gcc -g -std=gnu99 -O3 -Wall -Werror-implicit-function-declaration -Wdeclaration-after-statement -Wwrite-strings -c   conftest.c >&5
configure:2614: $? = 0
configure:2623: result: yes
configure:2632: checking whether gcc -g -std=gnu99 -O3 -Wall -Werror-implicit-function-declaration -Wdeclaration-after-statement -Wwrite-strings accepts -g
configure:2652: gcc -g -std=gnu99 -O3 -Wall -Werror-implicit-function-declaration -Wdeclaration-after-statement -Wwrite-strings -c -g  conftest.c >&5
configure:2652: $? = 0
configure:2693: result: yes
configure:2710: checking for gcc -g -std=gnu99 -O3 -Wall -Werror-implicit-function-declaration -Wdeclaration-after-statement -Wwrite-strings option to accept ISO C89
configure:2773: gcc -g -std=gnu99 -O3 -Wall -Werror-implicit-function-declaration -Wdeclaration-after-statement -Wwrite-strings  -c -g -O2  conftest.c >&5
configure:2773: $? = 0
configure:2786: result: none needed
configure:2817: checking how to run the C preprocessor
configure:2848: gcc -g -std=gnu99 -O3 -Wall -Werror-implicit-function-declaration -Wdeclaration-after-statement -Wwrite-strings -E  conftest.c
configure:2848: $? = 0
configure:2862: gcc -g -std=gnu99 -O3 -Wall -Werror-implicit-function-declaration -Wdeclaration-after-statement -Wwrite-strings -E  conftest.c
conftest.c:9:10: fatal error: ac_nonexistent.h: No such file or directory
 #include <ac_nonexistent.h>
          ^~~~~~~~~~~~~~~~~~
compilation terminated.
configure:2862: $? = 1
configure: failed program was:
| /* confdefs.h */
| #define PACKAGE_NAME ""
| #define PACKAGE_TARNAME ""
| #define PACKAGE_VERSION ""
| #define PACKAGE_STRING ""
| #define PACKAGE_BUGREPORT ""
| #define PACKAGE_URL ""
| /* end confdefs.h.  */
| #include <ac_nonexistent.h>
configure:2887: result: gcc -g -std=gnu99 -O3 -Wall -Werror-implicit-function-declaration -Wdeclaration-after-statement -Wwrite-strings -E
configure:2907: gcc -g -std=gnu99 -O3 -Wall -Werror-implicit-function-declaration -Wdeclaration-after-statement -Wwrite-strings -E  conftest.c
configure:2907: $? = 0
configure:2921: gcc -g -std=gnu99 -O3 -Wall -Werror-implicit-function-declaration -Wdeclaration-after-statement -Wwrite-strings -E  conftest.c
conftest.c:9:10: fatal error: ac_nonexistent.h: No such file or directory
 #include <ac_nonexistent.h>
          ^~~~~~~~~~~~~~~~~~
compilation terminated.
configure:2921: $? = 1
configure: failed program was:
| /* confdefs.h */
| #define PACKAGE_NAME ""
| #define PACKAGE_TARNAME ""
| #define PACKAGE_VERSION ""
| #define PACKAGE_STRING ""
| #define PACKAGE_BUGREPORT ""
| #define PACKAGE_URL ""
| /* end confdefs.h.  */
| #include <ac_nonexistent.h>
configure:2950: checking for grep that handles long lines and -e
configure:3008: result: /usr/bin/grep
configure:3013: checking for egrep
configure:3075: result: /usr/bin/grep -E
configure:3080: checking for ANSI C header files
configure:3100: gcc -g -std=gnu99 -O3 -Wall -Werror-implicit-function-declaration -Wdeclaration-after-statement -Wwrite-strings -c -g -O2  conftest.c >&5
configure:3100: $? = 0
configure:3173: gcc -g -std=gnu99 -O3 -Wall -Werror-implicit-function-declaration -Wdeclaration-after-statement -Wwrite-strings -o conftest -g -O2   conftest.c  >&5
configure:3173: $? = 0
configure:3173: ./conftest
configure:3173: $? = 0
configure:3184: result: yes
configure:3197: checking for sys/types.h
configure:3197: gcc -g -std=gnu99 -O3 -Wall -Werror-implicit-function-declaration -Wdeclaration-after-statement -Wwrite-strings -c -g -O2  conftest.c >&5
configure:3197: $? = 0
configure:3197: result: yes
configure:3197: checking for sys/stat.h
configure:3197: gcc -g -std=gnu99 -O3 -Wall -Werror-implicit-function-declaration -Wdeclaration-after-statement -Wwrite-strings -c -g -O2  conftest.c >&5
configure:3197: $? = 0
configure:3197: result: yes
configure:3197: checking for stdlib.h
configure:3197: gcc -g -std=gnu99 -O3 -Wall -Werror-implicit-function-declaration -Wdeclaration-after-statement -Wwrite-strings -c -g -O2  conftest.c >&5
configure:3197: $? = 0
configure:3197: result: yes
configure:3197: checking for string.h
configure:3197: gcc -g -std=gnu99 -O3 -Wall -Werror-implicit-function-declaration -Wdeclaration-after-statement -Wwrite-strings -c -g -O2  conftest.c >&5
configure:3197: $? = 0
configure:3197: result: yes
configure:3197: checking for memory.h
configure:3197: gcc -g -std=gnu99 -O3 -Wall -Werror-implicit-function-declaration -Wdeclaration-after-statement -Wwrite-strings -c -g -O2  conftest.c >&5
configure:3197: $? = 0
configure:3197: result: yes
configure:3197: checking for strings.h
configure:3197: gcc -g -std=gnu99 -O3 -Wall -Werror-implicit-function-declaration -Wdeclaration-after-statement -Wwrite-strings -c -g -O2  conftest.c >&5
configure:3197: $? = 0
configure:3197: result: yes
configure:3197: checking for inttypes.h
configure:3197: gcc -g -std=gnu99 -O3 -Wall -Werror-implicit-function-declaration -Wdeclaration-after-statement -Wwrite-strings -c -g -O2  conftest.c >&5
configure:3197: $? = 0
configure:3197: result: yes
configure:3197: checking for stdint.h
configure:3197: gcc -g -std=gnu99 -O3 -Wall -Werror-implicit-function-declaration -Wdeclaration-after-statement -Wwrite-strings -c -g -O2  conftest.c >&5
configure:3197: $? = 0
configure:3197: result: yes
configure:3197: checking for unistd.h
configure:3197: gcc -g -std=gnu99 -O3 -Wall -Werror-implicit-function-declaration -Wdeclaration-after-statement -Wwrite-strings -c -g -O2  conftest.c >&5
configure:3197: $? = 0
configure:3197: result: yes
configure:3209: checking for struct stat.st_blksize
configure:3209: gcc -g -std=gnu99 -O3 -Wall -Werror-implicit-function-declaration -Wdeclaration-after-statement -Wwrite-strings -c -g -O2  conftest.c >&5
configure:3209: $? = 0
configure:3209: result: yes
configure:3219: checking for struct stat.st_blocks
configure:3219: gcc -g -std=gnu99 -O3 -Wall -Werror-implicit-function-declaration -Wdeclaration-after-statement -Wwrite-strings -c -g -O2  conftest.c >&5
configure:3219: $? = 0
configure:3219: result: yes
configure:3229: checking for struct stat.st_rdev
configure:3229: gcc -g -std=gnu99 -O3 -Wall -Werror-implicit-function-declaration -Wdeclaration-after-statement -Wwrite-strings -c -g -O2  conftest.c >&5
configure:3229: $? = 0
configure:3229: result: yes
configure:3239: checking for struct stat.st_birthtimespec
configure:3239: gcc -g -std=gnu99 -O3 -Wall -Werror-implicit-function-declaration -Wdeclaration-after-statement -Wwrite-strings -c -g -O2  conftest.c >&5
conftest.c: In function 'main':
conftest.c:59:12: error: 'struct stat' has no member named 'st_birthtimespec'
 if (ac_aggr.st_birthtimespec)
            ^
conftest.c:58:20: warning: variable 'ac_aggr' set but not used [-Wunused-but-set-variable]
 static struct stat ac_aggr;
                    ^~~~~~~
configure:3239: $? = 1
configure: failed program was:
| /* confdefs.h */
| #define PACKAGE_NAME ""
| #define PACKAGE_TARNAME ""
| #define PACKAGE_VERSION ""
| #define PACKAGE_STRING ""
| #define PACKAGE_BUGREPORT ""
| #define PACKAGE_URL ""
| #define STDC_HEADERS 1
| #define HAVE_SYS_TYPES_H 1
| #define HAVE_SYS_STAT_H 1
| #define HAVE_STDLIB_H 1
| #define HAVE_STRING_H 1
| #define HAVE_MEMORY_H 1
| #define HAVE_STRINGS_H 1
| #define HAVE_INTTYPES_H 1
| #define HAVE_STDINT_H 1
| #define HAVE_UNISTD_H 1
| #define HAVE_STRUCT_STAT_ST_BLKSIZE 1
| #define HAVE_STRUCT_STAT_ST_BLOCKS 1
| #define HAVE_STRUCT_STAT_ST_RDEV 1
| /* end confdefs.h.  */
| #include <stdio.h>
| #ifdef HAVE_SYS_TYPES_H
| # include <sys/types.h>
| #endif
| #ifdef HAVE_SYS_STAT_H
| # include <sys/stat.h>
| #endif
| #ifdef STDC_HEADERS
| # include <stdlib.h>
| # include <stddef.h>
| #else
| # ifdef HAVE_STDLIB_H
| #  include <stdlib.h>
| # endif
| #endif
| #ifdef HAVE_STRING_H
| # if !defined STDC_HEADERS && defined HAVE_MEMORY_H
| #  include <memory.h>
| # endif
| # include <string.h>
| #endif
| #ifdef HAVE_STRINGS_H
| # include <strings.h>
| #endif
| #ifdef HAVE_INTTYPES_H
| # include <inttypes.h>
| #endif
| #ifdef HAVE_STDINT_H
| # include <stdint.h>
| #endif
| #ifdef HAVE_UNISTD_H
| # include <unistd.h>
| #endif
| int
| main ()
| {
| static struct stat ac_aggr;
| if (ac_aggr.st_birthtimespec)
| return 0;
|   ;
|   return 0;
| }
configure:3239: gcc -g -std=gnu99 -O3 -Wall -Werror-implicit-function-declaration -Wdeclaration-after-statement -Wwrite-strings -c -g -O2  conftest.c >&5
conftest.c: In function 'main':
conftest.c:59:19: error: 'struct stat' has no member named 'st_birthtimespec'
 if (sizeof ac_aggr.st_birthtimespec)
                   ^
conftest.c:58:20: warning: variable 'ac_aggr' set but not used [-Wunused-but-set-variable]
 static struct stat ac_aggr;
                    ^~~~~~~
configure:3239: $? = 1
configure: failed program was:
| /* confdefs.h */
| #define PACKAGE_NAME ""
| #define PACKAGE_TARNAME ""
| #define PACKAGE_VERSION ""
| #define PACKAGE_STRING ""
| #define PACKAGE_BUGREPORT ""
| #define PACKAGE_URL ""
| #define STDC_HEADERS 1
| #define HAVE_SYS_TYPES_H 1
| #define HAVE_SYS_STAT_H 1
| #define HAVE_STDLIB_H 1
| #define HAVE_STRING_H 1
| #define HAVE_MEMORY_H 1
| #define HAVE_STRINGS_H 1
| #define HAVE_INTTYPES_H 1
| #define HAVE_STDINT_H 1
| #define HAVE_UNISTD_H 1
| #define HAVE_STRUCT_STAT_ST_BLKSIZE 1
| #define HAVE_STRUCT_STAT_ST_BLOCKS 1
| #define HAVE_STRUCT_STAT_ST_RDEV 1
| /* end confdefs.h.  */
| #include <stdio.h>
| #ifdef HAVE_SYS_TYPES_H
| # include <sys/types.h>
| #endif
| #ifdef HAVE_SYS_STAT_H
| # include <sys/stat.h>
| #endif
| #ifdef STDC_HEADERS
| # include <stdlib.h>
| # include <stddef.h>
| #else
| # ifdef HAVE_STDLIB_H
| #  include <stdlib.h>
| # endif
| #endif
| #ifdef HAVE_STRING_H
| # if !defined STDC_HEADERS && defined HAVE_MEMORY_H
| #  include <memory.h>
| # endif
| # include <string.h>
| #endif
| #ifdef HAVE_STRINGS_H
| # include <strings.h>
| #endif
| #ifdef HAVE_INTTYPES_H
| # include <inttypes.h>
| #endif
| #ifdef HAVE_STDINT_H
| # include <stdint.h>
| #endif
| #ifdef HAVE_UNISTD_H
| # include <unistd.h>
| #endif
| int
| main ()
| {
| static struct stat ac_aggr;
| if (sizeof ac_aggr.st_birthtimespec)
| return 0;
|   ;
|   return 0;
| }
configure:3239: result: no
configure:3252: checking for getgroups
configure:3252: gcc -g -std=gnu99 -O3 -Wall -Werror-implicit-function-declaration -Wdeclaration-after-statement -Wwrite-strings -o conftest -g -O2   conftest.c  >&5
configure:3252: $? = 0
configure:3252: result: yes
configure:3263: checking for lstat
configure:3263: gcc -g -std=gnu99 -O3 -Wall -Werror-implicit-function-declaration -Wdeclaration-after-statement -Wwrite-strings -o conftest -g -O2   conftest.c  >&5
configure:3263: $? = 0
configure:3263: result: yes
configure:3379: creating ./config.status

## ---------------------- ##
## Running config.status. ##
## ---------------------- ##

This file was extended by config.status, which was
generated by GNU Autoconf 2.69.  Invocation command line was

  CONFIG_FILES    = 
  CONFIG_HEADERS  = 
  CONFIG_LINKS    = 
  CONFIG_COMMANDS = 
  $ ./config.status 

on project-534

config.status:675: creating config.h

## ---------------- ##
## Cache variables. ##
## ---------------- ##

ac_cv_c_compiler_gnu=yes
ac_cv_env_CC_set=set
ac_cv_env_CC_value='gcc -g -std=gnu99 -O3 -Wall -Werror-implicit-function-declaration -Wdeclaration-after-statement -Wwrite-strings'
ac_cv_env_CFLAGS_set=
ac_cv_env_CFLAGS_value=
ac_cv_env_CPPFLAGS_set=
ac_cv_env_CPPFLAGS_value=
ac_cv_env_CPP_set=
ac_cv_env_CPP_value=
ac_cv_env_LDFLAGS_set=
ac_cv_env_LDFLAGS_value=
ac_cv_env_LIBS_set=
ac_cv_env_LIBS_value=
ac_cv_env_build_alias_set=
ac_cv_env_build_alias_value=
ac_cv_env_host_alias_set=
ac_cv_env_host_alias_value=
ac_cv_env_target_alias_set=
ac_cv_env_target_alias_value=
ac_cv_func_getgroups=yes
ac_cv_func_lstat=yes
ac_cv_header_inttypes_h=yes
ac_cv_header_memory_h=yes
ac_cv_header_stdc=yes
ac_cv_header_stdint_h=yes
ac_cv_header_stdlib_h=yes
ac_cv_header_string_h=yes
ac_cv_header_strings_h=yes
ac_cv_header_sys_stat_h=yes
ac_cv_header_sys_types_h=yes
ac_cv_header_unistd_h=yes
ac_cv_member_struct_stat_st_birthtimespec=no
ac_cv_member_struct_stat_st_blksize=yes
ac_cv_member_struct_stat_st_blocks=yes
ac_cv_member_struct_stat_st_rdev=yes
ac_cv_objext=o
ac_cv_path_EGREP='/usr/bin/grep -E'
ac_cv_path_GREP=/usr/bin/grep
ac_cv_prog_CPP='gcc -g -std=gnu99 -O3 -Wall -Werror-implicit-function-declaration -Wdeclaration-after-statement -Wwrite-strings -E'
ac_cv_prog_ac_ct_CC='gcc -g -std=gnu99 -O3 -Wall -Werror-implicit-function-declaration -Wdeclaration-after-statement -Wwrite-strings'
ac_cv_prog_cc_c89=
ac_cv_prog_cc_g=yes

## ----------------- ##
## Output variables. ##
## ----------------- ##

CC='gcc -g -std=gnu99 -O3 -Wall -Werror-implicit-function-declaration -Wdeclaration-after-statement -Wwrite-strings'
CFLAGS='-g -O2'
CPP='gcc -g -std=gnu99 -O3 -Wall -Werror-implicit-function-declaration -Wdeclaration-after-statement -Wwrite-strings -E'
CPPFLAGS=''
DEFS='-DHAVE_CONFIG_H'
ECHO_C=''
ECHO_N='-n'
ECHO_T=''
EGREP='/usr/bin/grep -E'
EXEEXT=''
GREP='/usr/bin/grep'
LDFLAGS=''
LIBOBJS=''
LIBS=''
LTLIBOBJS=''
OBJEXT='o'
PACKAGE_BUGREPORT=''
PACKAGE_NAME=''
PACKAGE_STRING=''
PACKAGE_TARNAME=''
PACKAGE_URL=''
PACKAGE_VERSION=''
PATH_SEPARATOR=':'
SHELL='/bin/bash'
ac_ct_CC='gcc -g -std=gnu99 -O3 -Wall -Werror-implicit-function-declaration -Wdeclaration-after-statement -Wwrite-strings'
bindir='${exec_prefix}/bin'
build_alias=''
datadir='${datarootdir}'
datarootdir='${prefix}/share'
docdir='${datarootdir}/doc/${PACKAGE}'
dvidir='${docdir}'
exec_prefix='${prefix}'
host_alias=''
htmldir='${docdir}'
includedir='${prefix}/include'
infodir='${datarootdir}/info'
libdir='${exec_prefix}/lib'
libexecdir='${exec_prefix}/libexec'
localedir='${datarootdir}/locale'
localstatedir='${prefix}/var'
mandir='${datarootdir}/man'
oldincludedir='/usr/include'
pdfdir='${docdir}'
prefix='/usr/local'
program_transform_name='s,x,x,'
psdir='${docdir}'
sbindir='${exec_prefix}/sbin'
sharedstatedir='${prefix}/com'
sysconfdir='${prefix}/etc'
target_alias=''

## ----------- ##
## confdefs.h. ##
## ----------- ##

/* confdefs.h */
#define PACKAGE_NAME ""
#define PACKAGE_TARNAME ""
#define PACKAGE_VERSION ""
#define PACKAGE_STRING ""
#define PACKAGE_BUGREPORT ""
#define PACKAGE_URL ""
#define STDC_HEADERS 1
#define HAVE_SYS_TYPES_H 1
#define HAVE_SYS_STAT_H 1
#define HAVE_STDLIB_H 1
#define HAVE_STRING_H 1
#define HAVE_MEMORY_H 1
#define HAVE_STRINGS_H 1
#define HAVE_INTTYPES_H 1
#define HAVE_STDINT_H 1
#define HAVE_UNISTD_H 1
#define HAVE_STRUCT_STAT_ST_BLKSIZE 1
#define HAVE_STRUCT_STAT_ST_BLOCKS 1
#define HAVE_STRUCT_STAT_ST_RDEV 1
#define HAVE_GETGROUPS 1
#define HAVE_LSTAT 1

configure: exit 0
